Looking for git in: git
Using git 2.30.1 from git
> git rev-parse --git-dir
Open repository: /home/jesus/codingExcercises/dotnetExcercises
> git status -z -u
> git symbolic-ref --short HEAD
> git for-each-ref --format=%(refname)%00%(upstream:short)%00%(upstream:track)%00%(objectname) refs/heads/main refs/remotes/main
> git for-each-ref --sort -committerdate --format %(refname) %(objectname) %(*objectname)
> git remote --verbose
> git config --get commit.template
> git show --textconv :DynamicVarAndObjectTypes/Program.cs
> git ls-files --stage -- /home/jesus/codingExcercises/dotnetExcercises/DynamicVarAndObjectTypes/Program.cs
> git show --textconv :DynamicVarAndObjectTypes/Program.cs
> git ls-files --stage -- /home/jesus/codingExcercises/dotnetExcercises/DynamicVarAndObjectTypes/Program.cs
> git check-ignore -v -z --stdin
> git show --textconv :DynamicVarAndObjectTypes/Program.cs
> git ls-files --stage -- /home/jesus/codingExcercises/dotnetExcercises/DynamicVarAndObjectTypes/Program.cs
> git show --textconv :DynamicVarAndObjectTypes/Program.cs
> git ls-files --stage -- /home/jesus/codingExcercises/dotnetExcercises/DynamicVarAndObjectTypes/Program.cs
> git status -z -u
> git symbolic-ref --short HEAD
> git for-each-ref --format=%(refname)%00%(upstream:short)%00%(upstream:track)%00%(objectname) refs/heads/main refs/remotes/main
> git for-each-ref --sort -committerdate --format %(refname) %(objectname) %(*objectname)
> git remote --verbose
> git config --get commit.template
> git status -z -u
> git symbolic-ref --short HEAD
> git for-each-ref --format=%(refname)%00%(upstream:short)%00%(upstream:track)%00%(objectname) refs/heads/main refs/remotes/main
> git for-each-ref --sort -committerdate --format %(refname) %(objectname) %(*objectname)
> git remote --verbose
> git config --get commit.template
> git status -z -u
> git symbolic-ref --short HEAD
> git for-each-ref --format=%(refname)%00%(upstream:short)%00%(upstream:track)%00%(objectname) refs/heads/main refs/remotes/main
> git for-each-ref --sort -committerdate --format %(refname) %(objectname) %(*objectname)
> git remote --verbose
> git config --get commit.template
> git check-ignore -v -z --stdin
> git show --textconv :DynamicVarAndObjectTypes/Program.cs
> git ls-files --stage -- /home/jesus/codingExcercises/dotnetExcercises/DynamicVarAndObjectTypes/Program.cs
> git show --textconv :DynamicVarAndObjectTypes/Program.cs
> git ls-files --stage -- /home/jesus/codingExcercises/dotnetExcercises/DynamicVarAndObjectTypes/Program.cs
> git show --textconv :DynamicVarAndObjectTypes/ReadOnlyFile.cs
> git ls-files --stage -- /home/jesus/codingExcercises/dotnetExcercises/DynamicVarAndObjectTypes/ReadOnlyFile.cs
> git log --format=%H%n%aN%n%aE%n%at%n%ct%n%P%n%B -z -n21 -- /home/jesus/codingExcercises/dotnetExcercises/DynamicVarAndObjectTypes/ReadOnlyFile.cs
> git status -z -u
> git symbolic-ref --short HEAD
> git for-each-ref --format=%(refname)%00%(upstream:short)%00%(upstream:track)%00%(objectname) refs/heads/main refs/remotes/main
> git for-each-ref --sort -committerdate --format %(refname) %(objectname) %(*objectname)
> git remote --verbose
> git config --get commit.template
> git status -z -u
> git symbolic-ref --short HEAD
> git for-each-ref --format=%(refname)%00%(upstream:short)%00%(upstream:track)%00%(objectname) refs/heads/main refs/remotes/main
> git for-each-ref --sort -committerdate --format %(refname) %(objectname) %(*objectname)
> git remote --verbose
> git config --get commit.template
> git status -z -u
> git symbolic-ref --short HEAD
> git for-each-ref --format=%(refname)%00%(upstream:short)%00%(upstream:track)%00%(objectname) refs/heads/main refs/remotes/main
> git for-each-ref --sort -committerdate --format %(refname) %(objectname) %(*objectname)
> git remote --verbose
> git config --get commit.template
> git status -z -u
> git symbolic-ref --short HEAD
> git for-each-ref --format=%(refname)%00%(upstream:short)%00%(upstream:track)%00%(objectname) refs/heads/main refs/remotes/main
> git for-each-ref --sort -committerdate --format %(refname) %(objectname) %(*objectname)
> git remote --verbose
> git config --get commit.template
> git status -z -u
> git symbolic-ref --short HEAD
> git for-each-ref --format=%(refname)%00%(upstream:short)%00%(upstream:track)%00%(objectname) refs/heads/main refs/remotes/main
> git for-each-ref --sort -committerdate --format %(refname) %(objectname) %(*objectname)
> git remote --verbose
> git config --get commit.template
> git status -z -u
> git symbolic-ref --short HEAD
> git for-each-ref --format=%(refname)%00%(upstream:short)%00%(upstream:track)%00%(objectname) refs/heads/main refs/remotes/main
> git for-each-ref --sort -committerdate --format %(refname) %(objectname) %(*objectname)
> git remote --verbose
> git config --get commit.template
> git status -z -u
> git symbolic-ref --short HEAD
> git for-each-ref --format=%(refname)%00%(upstream:short)%00%(upstream:track)%00%(objectname) refs/heads/main refs/remotes/main
> git for-each-ref --sort -committerdate --format %(refname) %(objectname) %(*objectname)
> git remote --verbose
> git config --get commit.template
> git status -z -u
> git symbolic-ref --short HEAD
> git for-each-ref --format=%(refname)%00%(upstream:short)%00%(upstream:track)%00%(objectname) refs/heads/main refs/remotes/main
> git for-each-ref --sort -committerdate --format %(refname) %(objectname) %(*objectname)
> git remote --verbose
> git config --get commit.template
> git show --textconv :DynamicVarAndObjectTypes/Program.cs
> git ls-files --stage -- /home/jesus/codingExcercises/dotnetExcercises/DynamicVarAndObjectTypes/Program.cs
> git show --textconv :DynamicVarAndObjectTypes/Program.cs
> git ls-files --stage -- /home/jesus/codingExcercises/dotnetExcercises/DynamicVarAndObjectTypes/Program.cs
> git status -z -u
> git symbolic-ref --short HEAD
> git for-each-ref --format=%(refname)%00%(upstream:short)%00%(upstream:track)%00%(objectname) refs/heads/main refs/remotes/main
> git for-each-ref --sort -committerdate --format %(refname) %(objectname) %(*objectname)
> git remote --verbose
> git config --get commit.template
> git show --textconv :DynamicVarAndObjectTypes/ReadOnlyFile.cs
> git ls-files --stage -- /home/jesus/codingExcercises/dotnetExcercises/DynamicVarAndObjectTypes/ReadOnlyFile.cs
> git status -z -u
> git symbolic-ref --short HEAD
> git for-each-ref --format=%(refname)%00%(upstream:short)%00%(upstream:track)%00%(objectname) refs/heads/main refs/remotes/main
> git for-each-ref --sort -committerdate --format %(refname) %(objectname) %(*objectname)
> git remote --verbose
> git config --get commit.template
