Starting OmniSharp server at 3/3/2021, 1:20:58 AM
    Target: /home/jesus/projects/gpz/AgenciaInvestigacionesGPZ.sln

OmniSharp server started.
    Path: /home/jesus/.vscode-oss/extensions/muhammad-sammy.csharp-1.23.9/.omnisharp/1.37.6/run
    PID: 1308

[info]: OmniSharp.Stdio.Host
        Starting OmniSharp on arch 0.0 (x64)
[info]: OmniSharp.Services.DotNetCliService
        DotNetPath set to dotnet
[info]: OmniSharp.MSBuild.Discovery.MSBuildLocator
        Located 1 MSBuild instance(s)
            1: StandAlone 16.8.0 - "/home/jesus/.vscode-oss/extensions/muhammad-sammy.csharp-1.23.9/.omnisharp/1.37.6/omnisharp/.msbuild/Current/Bin"
[info]: OmniSharp.MSBuild.Discovery.MSBuildLocator
        MSBUILD_EXE_PATH environment variable set to '/home/jesus/.vscode-oss/extensions/muhammad-sammy.csharp-1.23.9/.omnisharp/1.37.6/omnisharp/.msbuild/Current/Bin/MSBuild.exe'
[info]: OmniSharp.MSBuild.Discovery.MSBuildLocator
        Registered MSBuild instance: StandAlone 16.8.0 - "/home/jesus/.vscode-oss/extensions/muhammad-sammy.csharp-1.23.9/.omnisharp/1.37.6/omnisharp/.msbuild/Current/Bin"
            CscToolExe = csc.exe
            MSBuildToolsPath = /home/jesus/.vscode-oss/extensions/muhammad-sammy.csharp-1.23.9/.omnisharp/1.37.6/omnisharp/.msbuild/Current/Bin
            CscToolPath = /home/jesus/.vscode-oss/extensions/muhammad-sammy.csharp-1.23.9/.omnisharp/1.37.6/omnisharp/.msbuild/Current/Bin/Roslyn
            BypassFrameworkInstallChecks = true
            MSBuildExtensionsPath = /home/jesus/.vscode-oss/extensions/muhammad-sammy.csharp-1.23.9/.omnisharp/1.37.6/omnisharp/.msbuild
[info]: OmniSharp.WorkspaceInitializer
        Invoking Workspace Options Provider: OmniSharp.Roslyn.CSharp.Services.CSharpFormattingWorkspaceOptionsProvider, Order: 0
[info]: OmniSharp.WorkspaceInitializer
        Invoking Workspace Options Provider: OmniSharp.Roslyn.CSharp.Services.Completion.CompletionOptionsProvider, Order: 0
[info]: OmniSharp.WorkspaceInitializer
        Invoking Workspace Options Provider: OmniSharp.Roslyn.CSharp.Services.RenameWorkspaceOptionsProvider, Order: 100
[info]: OmniSharp.WorkspaceInitializer
        Invoking Workspace Options Provider: OmniSharp.Roslyn.CSharp.Services.ImplementTypeWorkspaceOptionsProvider, Order: 110
[info]: OmniSharp.WorkspaceInitializer
        Invoking Workspace Options Provider: OmniSharp.Roslyn.CSharp.Services.BlockStructureWorkspaceOptionsProvider, Order: 140
[info]: OmniSharp.Cake.CakeProjectSystem
        Detecting Cake files in '/home/jesus/projects/gpz'.
[info]: OmniSharp.Cake.CakeProjectSystem
        Could not find any Cake files
[info]: OmniSharp.MSBuild.ProjectSystem
        Detecting projects in '/home/jesus/projects/gpz/AgenciaInvestigacionesGPZ.sln'.
[info]: OmniSharp.MSBuild.ProjectManager
        Queue project update for '/home/jesus/projects/gpz/GPZ.app/GPZ.app.csproj'
[info]: OmniSharp.MSBuild.ProjectManager
        Queue project update for '/home/jesus/projects/gpz/Gpz.core/Gpz.core.csproj'
[info]: OmniSharp.MSBuild.ProjectManager
        Queue project update for '/home/jesus/projects/gpz/Gpz.data/Gpz.data.csproj'
[info]: OmniSharp.Script.ScriptProjectSystem
        Detecting CSX files in '/home/jesus/projects/gpz'.
[info]: OmniSharp.Script.ScriptProjectSystem
        Could not find any CSX files
[info]: OmniSharp.WorkspaceInitializer
        Configuration finished.
[info]: OmniSharp.Stdio.Host
        Omnisharp server running using Stdio at location '/home/jesus/projects/gpz' on host 1129.
[info]: OmniSharp.MSBuild.ProjectManager
        Loading project: /home/jesus/projects/gpz/GPZ.app/GPZ.app.csproj
Can't find custom attr constructor image: /home/jesus/projects/gpz/Gpz.data/bin/Debug/net5.0/Gpz.data.dll mtoken: 0x0a000001 due to: Cannot resolve dependency to assembly because it has not been preloaded. When using the ReflectionOnly APIs, dependent assemblies must be pre-loaded or loaded on demand through the ReflectionOnlyAssemblyResolve event.
Can't find custom attr constructor image: /home/jesus/projects/gpz/Gpz.core/bin/Debug/net5.0/Gpz.core.dll mtoken: 0x0a000001 due to: Cannot resolve dependency to assembly because it has not been preloaded. When using the ReflectionOnly APIs, dependent assemblies must be pre-loaded or loaded on demand through the ReflectionOnlyAssemblyResolve event.
[info]: OmniSharp.MSBuild.ProjectManager
        Successfully loaded project file '/home/jesus/projects/gpz/GPZ.app/GPZ.app.csproj'.
[info]: OmniSharp.MSBuild.ProjectManager
        Adding project '/home/jesus/projects/gpz/GPZ.app/GPZ.app.csproj'
[info]: OmniSharp.MSBuild.ProjectManager
        Loading project: /home/jesus/projects/gpz/Gpz.core/Gpz.core.csproj
[info]: OmniSharp.MSBuild.ProjectManager
        Successfully loaded project file '/home/jesus/projects/gpz/Gpz.core/Gpz.core.csproj'.
[info]: OmniSharp.MSBuild.ProjectManager
        Adding project '/home/jesus/projects/gpz/Gpz.core/Gpz.core.csproj'
[info]: OmniSharp.MSBuild.ProjectManager
        Loading project: /home/jesus/projects/gpz/Gpz.data/Gpz.data.csproj
Can't find custom attr constructor image: /home/jesus/projects/gpz/Gpz.core/bin/Debug/net5.0/Gpz.core.dll mtoken: 0x0a000001 due to: Cannot resolve dependency to assembly because it has not been preloaded. When using the ReflectionOnly APIs, dependent assemblies must be pre-loaded or loaded on demand through the ReflectionOnlyAssemblyResolve event.
[info]: OmniSharp.MSBuild.ProjectManager
        Successfully loaded project file '/home/jesus/projects/gpz/Gpz.data/Gpz.data.csproj'.
[info]: OmniSharp.MSBuild.ProjectManager
        Adding project '/home/jesus/projects/gpz/Gpz.data/Gpz.data.csproj'
[info]: OmniSharp.MSBuild.ProjectManager
        Update project: GPZ.app
Can't find custom attr constructor image: /home/jesus/projects/gpz/Gpz.data/bin/Debug/net5.0/Gpz.data.dll mtoken: 0x0a000001 due to: Cannot resolve dependency to assembly because it has not been preloaded. When using the ReflectionOnly APIs, dependent assemblies must be pre-loaded or loaded on demand through the ReflectionOnlyAssemblyResolve event.
Can't find custom attr constructor image: /home/jesus/projects/gpz/Gpz.core/bin/Debug/net5.0/Gpz.core.dll mtoken: 0x0a000001 due to: Cannot resolve dependency to assembly because it has not been preloaded. When using the ReflectionOnly APIs, dependent assemblies must be pre-loaded or loaded on demand through the ReflectionOnlyAssemblyResolve event.
[info]: OmniSharp.MSBuild.ProjectManager
        Update project: Gpz.core
[info]: OmniSharp.MSBuild.ProjectManager
        Update project: Gpz.data
Received response for /v2/codestructure but could not find request.
