Starting OmniSharp server at 3/3/2021, 12:10:13 AM
    Target: /home/jesus/projects/gpz/AgenciaInvestigacionesGPZ.sln

OmniSharp server started.
    Path: /home/jesus/.vscode-oss/extensions/muhammad-sammy.csharp-1.23.9/.omnisharp/1.37.6/run
    PID: 31366

[info]: OmniSharp.Stdio.Host
        Starting OmniSharp on arch 0.0 (x64)
[info]: OmniSharp.Services.DotNetCliService
        DotNetPath set to dotnet
[info]: OmniSharp.MSBuild.Discovery.MSBuildLocator
        Located 1 MSBuild instance(s)
            1: StandAlone 16.8.0 - "/home/jesus/.vscode-oss/extensions/muhammad-sammy.csharp-1.23.9/.omnisharp/1.37.6/omnisharp/.msbuild/Current/Bin"
[info]: OmniSharp.MSBuild.Discovery.MSBuildLocator
        MSBUILD_EXE_PATH environment variable set to '/home/jesus/.vscode-oss/extensions/muhammad-sammy.csharp-1.23.9/.omnisharp/1.37.6/omnisharp/.msbuild/Current/Bin/MSBuild.exe'
[info]: OmniSharp.MSBuild.Discovery.MSBuildLocator
        Registered MSBuild instance: StandAlone 16.8.0 - "/home/jesus/.vscode-oss/extensions/muhammad-sammy.csharp-1.23.9/.omnisharp/1.37.6/omnisharp/.msbuild/Current/Bin"
            CscToolExe = csc.exe
            MSBuildToolsPath = /home/jesus/.vscode-oss/extensions/muhammad-sammy.csharp-1.23.9/.omnisharp/1.37.6/omnisharp/.msbuild/Current/Bin
            CscToolPath = /home/jesus/.vscode-oss/extensions/muhammad-sammy.csharp-1.23.9/.omnisharp/1.37.6/omnisharp/.msbuild/Current/Bin/Roslyn
            BypassFrameworkInstallChecks = true
            MSBuildExtensionsPath = /home/jesus/.vscode-oss/extensions/muhammad-sammy.csharp-1.23.9/.omnisharp/1.37.6/omnisharp/.msbuild
[info]: OmniSharp.WorkspaceInitializer
        Invoking Workspace Options Provider: OmniSharp.Roslyn.CSharp.Services.CSharpFormattingWorkspaceOptionsProvider, Order: 0
[info]: OmniSharp.WorkspaceInitializer
        Invoking Workspace Options Provider: OmniSharp.Roslyn.CSharp.Services.Completion.CompletionOptionsProvider, Order: 0
[info]: OmniSharp.WorkspaceInitializer
        Invoking Workspace Options Provider: OmniSharp.Roslyn.CSharp.Services.RenameWorkspaceOptionsProvider, Order: 100
[info]: OmniSharp.WorkspaceInitializer
        Invoking Workspace Options Provider: OmniSharp.Roslyn.CSharp.Services.ImplementTypeWorkspaceOptionsProvider, Order: 110
[info]: OmniSharp.WorkspaceInitializer
        Invoking Workspace Options Provider: OmniSharp.Roslyn.CSharp.Services.BlockStructureWorkspaceOptionsProvider, Order: 140
[info]: OmniSharp.Cake.CakeProjectSystem
        Detecting Cake files in '/home/jesus/projects/gpz'.
[info]: OmniSharp.Cake.CakeProjectSystem
        Could not find any Cake files
[info]: OmniSharp.MSBuild.ProjectSystem
        Detecting projects in '/home/jesus/projects/gpz/AgenciaInvestigacionesGPZ.sln'.
[info]: OmniSharp.MSBuild.ProjectManager
        Queue project update for '/home/jesus/projects/gpz/GPZ.app/GPZ.app.csproj'
[info]: OmniSharp.MSBuild.ProjectManager
        Queue project update for '/home/jesus/projects/gpz/Gpz.core/Gpz.core.csproj'
[info]: OmniSharp.MSBuild.ProjectManager
        Queue project update for '/home/jesus/projects/gpz/Gpz.data/Gpz.data.csproj'
[info]: OmniSharp.Script.ScriptProjectSystem
        Detecting CSX files in '/home/jesus/projects/gpz'.
[info]: OmniSharp.Script.ScriptProjectSystem
        Could not find any CSX files
[info]: OmniSharp.WorkspaceInitializer
        Configuration finished.
[info]: OmniSharp.Stdio.Host
        Omnisharp server running using Stdio at location '/home/jesus/projects/gpz' on host 31231.
[info]: OmniSharp.MSBuild.ProjectManager
        Loading project: /home/jesus/projects/gpz/GPZ.app/GPZ.app.csproj
Can't find custom attr constructor image: /home/jesus/projects/gpz/Gpz.data/bin/Debug/net5.0/Gpz.data.dll mtoken: 0x0a000001 due to: Cannot resolve dependency to assembly because it has not been preloaded. When using the ReflectionOnly APIs, dependent assemblies must be pre-loaded or loaded on demand through the ReflectionOnlyAssemblyResolve event.
Can't find custom attr constructor image: /home/jesus/projects/gpz/Gpz.core/bin/Debug/net5.0/Gpz.core.dll mtoken: 0x0a000001 due to: Cannot resolve dependency to assembly because it has not been preloaded. When using the ReflectionOnly APIs, dependent assemblies must be pre-loaded or loaded on demand through the ReflectionOnlyAssemblyResolve event.
[info]: OmniSharp.MSBuild.ProjectManager
        Successfully loaded project file '/home/jesus/projects/gpz/GPZ.app/GPZ.app.csproj'.
[info]: OmniSharp.MSBuild.ProjectManager
        Adding project '/home/jesus/projects/gpz/GPZ.app/GPZ.app.csproj'
[info]: OmniSharp.MSBuild.ProjectManager
        Loading project: /home/jesus/projects/gpz/Gpz.core/Gpz.core.csproj
[info]: OmniSharp.MSBuild.ProjectManager
        Successfully loaded project file '/home/jesus/projects/gpz/Gpz.core/Gpz.core.csproj'.
[info]: OmniSharp.MSBuild.ProjectManager
        Adding project '/home/jesus/projects/gpz/Gpz.core/Gpz.core.csproj'
[info]: OmniSharp.MSBuild.ProjectManager
        Loading project: /home/jesus/projects/gpz/Gpz.data/Gpz.data.csproj
Can't find custom attr constructor image: /home/jesus/projects/gpz/Gpz.core/bin/Debug/net5.0/Gpz.core.dll mtoken: 0x0a000001 due to: Cannot resolve dependency to assembly because it has not been preloaded. When using the ReflectionOnly APIs, dependent assemblies must be pre-loaded or loaded on demand through the ReflectionOnlyAssemblyResolve event.
[info]: OmniSharp.MSBuild.ProjectManager
        Successfully loaded project file '/home/jesus/projects/gpz/Gpz.data/Gpz.data.csproj'.
[info]: OmniSharp.MSBuild.ProjectManager
        Adding project '/home/jesus/projects/gpz/Gpz.data/Gpz.data.csproj'
[info]: OmniSharp.MSBuild.ProjectManager
        Update project: GPZ.app
Can't find custom attr constructor image: /home/jesus/projects/gpz/Gpz.data/bin/Debug/net5.0/Gpz.data.dll mtoken: 0x0a000001 due to: Cannot resolve dependency to assembly because it has not been preloaded. When using the ReflectionOnly APIs, dependent assemblies must be pre-loaded or loaded on demand through the ReflectionOnlyAssemblyResolve event.
Can't find custom attr constructor image: /home/jesus/projects/gpz/Gpz.core/bin/Debug/net5.0/Gpz.core.dll mtoken: 0x0a000001 due to: Cannot resolve dependency to assembly because it has not been preloaded. When using the ReflectionOnly APIs, dependent assemblies must be pre-loaded or loaded on demand through the ReflectionOnlyAssemblyResolve event.
[info]: OmniSharp.MSBuild.ProjectManager
        Update project: Gpz.core
[info]: OmniSharp.MSBuild.ProjectManager
        Update project: Gpz.data
[warn]: OmniSharp.Stdio.Host
        ************ Request ************
{
  "Type": "request",
  "Seq": 36,
  "Command": "/findusages",
  "Arguments": {
    "FileName": "/home/jesus/projects/gpz/Gpz.core/Observaciones.cs",
    "Line": 6,
    "Column": 8,
    "OnlyThisFile": true,
    "ExcludeDefinition": false
  }
}
[fail]: OmniSharp.Stdio.Host
        ************  Response ************ 
{
  "Request_seq": 36,
  "Command": "/findusages",
  "Running": true,
  "Success": false,
  "Message": "\"System.InvalidOperationException: Unexpected null\\n  at Roslyn.Utilities.Contract.Fail (System.String message) [0x00000] in <1b72cf009970430282a46c2931a92a23>:0 \\n  at Microsoft.CodeAnalysis.FindSymbols.FindReferencesSearchEngine.MapToAppropriateSymbol (Microsoft.CodeAnalysis.ISymbol symbol) [0x0003a] in <1b72cf009970430282a46c2931a92a23>:0 \\n  at Microsoft.CodeAnalysis.FindSymbols.FindReferencesSearchEngine.DetermineAllSymbolsCoreAsync (Microsoft.CodeAnalysis.ISymbol symbol, Roslyn.Utilities.ConcurrentSet`1[T] result) [0x0005b] in <1b72cf009970430282a46c2931a92a23>:0 \\n  at Microsoft.CodeAnalysis.FindSymbols.FindReferencesSearchEngine.DetermineAllSymbolsAsync (Microsoft.CodeAnalysis.ISymbol symbol) [0x0009f] in <1b72cf009970430282a46c2931a92a23>:0 \\n  at Microsoft.CodeAnalysis.FindSymbols.FindReferencesSearchEngine.FindReferencesAsync (Microsoft.CodeAnalysis.ISymbol symbol) [0x001d5] in <1b72cf009970430282a46c2931a92a23>:0 \\n  at Microsoft.CodeAnalysis.FindSymbols.FindReferencesSearchEngine.FindReferencesAsync (Microsoft.CodeAnalysis.ISymbol symbol) [0x003ba] in <1b72cf009970430282a46c2931a92a23>:0 \\n  at Microsoft.CodeAnalysis.FindSymbols.FindReferencesSearchEngine.FindReferencesAsync (Microsoft.CodeAnalysis.ISymbol symbol) [0x00463] in <1b72cf009970430282a46c2931a92a23>:0 \\n  at Microsoft.CodeAnalysis.FindSymbols.SymbolFinder.FindReferencesAsync (Microsoft.CodeAnalysis.ISymbol symbol, Microsoft.CodeAnalysis.Solution solution, Microsoft.CodeAnalysis.FindSymbols.IStreamingFindReferencesProgress progress, System.Collections.Immutable.IImmutableSet`1[T] documents, Microsoft.CodeAnalysis.FindSymbols.FindReferencesSearchOptions options, System.Threading.CancellationToken cancellationToken) [0x00267] in <1b72cf009970430282a46c2931a92a23>:0 \\n  at Microsoft.CodeAnalysis.FindSymbols.SymbolFinder.FindReferencesAsync (Microsoft.CodeAnalysis.ISymbol symbol, Microsoft.CodeAnalysis.Solution solution, Microsoft.CodeAnalysis.FindSymbols.IFindReferencesProgress progress, System.Collections.Immutable.IImmutableSet`1[T] documents, Microsoft.CodeAnalysis.FindSymbols.FindReferencesSearchOptions options, System.Threading.CancellationToken cancellationToken) [0x000b3] in <1b72cf009970430282a46c2931a92a23>:0 \\n  at Microsoft.CodeAnalysis.FindSymbols.SymbolFinder.FindReferencesAsync (Microsoft.CodeAnalysis.ISymbol symbol, Microsoft.CodeAnalysis.Solution solution, Microsoft.CodeAnalysis.FindSymbols.IFindReferencesProgress progress, System.Collections.Immutable.IImmutableSet`1[T] documents, System.Threading.CancellationToken cancellationToken) [0x00086] in <1b72cf009970430282a46c2931a92a23>:0 \\n  at OmniSharp.Roslyn.CSharp.Services.Navigation.FindUsagesService.Handle (OmniSharp.Models.FindUsages.FindUsagesRequest request) [0x00390] in <09370a9acd194e4ab6aa0320066dbeaa>:0 \\n  at OmniSharp.Endpoint.EndpointHandler`2[TRequest,TResponse].AggregateResponsesFromLanguageHandlers (OmniSharp.Endpoint.Exports.ExportHandler`2[TRequest,TResponse][] handlers, TRequest request) [0x000a9] in <c13615cca0c74ceaa15dfd4227fc93cf>:0 \\n  at OmniSharp.Endpoint.EndpointHandler`2[TRequest,TResponse].HandleRequestForLanguage (System.String language, TRequest request, OmniSharp.Protocol.RequestPacket packet) [0x000fb] in <c13615cca0c74ceaa15dfd4227fc93cf>:0 \\n  at OmniSharp.Endpoint.EndpointHandler`2[TRequest,TResponse].Process (OmniSharp.Protocol.RequestPacket packet, OmniSharp.Endpoint.LanguageModel model, Newtonsoft.Json.Linq.JToken requestObject) [0x0024b] in <c13615cca0c74ceaa15dfd4227fc93cf>:0 \\n  at OmniSharp.Stdio.Host.HandleRequest (System.String json, Microsoft.Extensions.Logging.ILogger logger) [0x000e8] in <f4f40b9ed3034a528e91f200ff10538e>:0 \"",
  "Body": null,
  "Seq": 740,
  "Type": "response"
}
[warn]: OmniSharp.Stdio.Host
        ************ Request ************
{
  "Type": "request",
  "Seq": 39,
  "Command": "/findusages",
  "Arguments": {
    "FileName": "/home/jesus/projects/gpz/Gpz.core/Observaciones.cs",
    "Line": 6,
    "Column": 7,
    "OnlyThisFile": true,
    "ExcludeDefinition": false
  }
}
[fail]: OmniSharp.Stdio.Host
        ************  Response ************ 
{
  "Request_seq": 39,
  "Command": "/findusages",
  "Running": true,
  "Success": false,
  "Message": "\"System.InvalidOperationException: Unexpected null\\n  at Roslyn.Utilities.Contract.Fail (System.String message) [0x00000] in <1b72cf009970430282a46c2931a92a23>:0 \\n  at Microsoft.CodeAnalysis.FindSymbols.FindReferencesSearchEngine.MapToAppropriateSymbol (Microsoft.CodeAnalysis.ISymbol symbol) [0x0003a] in <1b72cf009970430282a46c2931a92a23>:0 \\n  at Microsoft.CodeAnalysis.FindSymbols.FindReferencesSearchEngine.DetermineAllSymbolsCoreAsync (Microsoft.CodeAnalysis.ISymbol symbol, Roslyn.Utilities.ConcurrentSet`1[T] result) [0x0005b] in <1b72cf009970430282a46c2931a92a23>:0 \\n  at Microsoft.CodeAnalysis.FindSymbols.FindReferencesSearchEngine.DetermineAllSymbolsAsync (Microsoft.CodeAnalysis.ISymbol symbol) [0x0009f] in <1b72cf009970430282a46c2931a92a23>:0 \\n  at Microsoft.CodeAnalysis.FindSymbols.FindReferencesSearchEngine.FindReferencesAsync (Microsoft.CodeAnalysis.ISymbol symbol) [0x001d5] in <1b72cf009970430282a46c2931a92a23>:0 \\n  at Microsoft.CodeAnalysis.FindSymbols.FindReferencesSearchEngine.FindReferencesAsync (Microsoft.CodeAnalysis.ISymbol symbol) [0x003ba] in <1b72cf009970430282a46c2931a92a23>:0 \\n  at Microsoft.CodeAnalysis.FindSymbols.FindReferencesSearchEngine.FindReferencesAsync (Microsoft.CodeAnalysis.ISymbol symbol) [0x00463] in <1b72cf009970430282a46c2931a92a23>:0 \\n  at Microsoft.CodeAnalysis.FindSymbols.SymbolFinder.FindReferencesAsync (Microsoft.CodeAnalysis.ISymbol symbol, Microsoft.CodeAnalysis.Solution solution, Microsoft.CodeAnalysis.FindSymbols.IStreamingFindReferencesProgress progress, System.Collections.Immutable.IImmutableSet`1[T] documents, Microsoft.CodeAnalysis.FindSymbols.FindReferencesSearchOptions options, System.Threading.CancellationToken cancellationToken) [0x00267] in <1b72cf009970430282a46c2931a92a23>:0 \\n  at Microsoft.CodeAnalysis.FindSymbols.SymbolFinder.FindReferencesAsync (Microsoft.CodeAnalysis.ISymbol symbol, Microsoft.CodeAnalysis.Solution solution, Microsoft.CodeAnalysis.FindSymbols.IFindReferencesProgress progress, System.Collections.Immutable.IImmutableSet`1[T] documents, Microsoft.CodeAnalysis.FindSymbols.FindReferencesSearchOptions options, System.Threading.CancellationToken cancellationToken) [0x000b3] in <1b72cf009970430282a46c2931a92a23>:0 \\n  at Microsoft.CodeAnalysis.FindSymbols.SymbolFinder.FindReferencesAsync (Microsoft.CodeAnalysis.ISymbol symbol, Microsoft.CodeAnalysis.Solution solution, Microsoft.CodeAnalysis.FindSymbols.IFindReferencesProgress progress, System.Collections.Immutable.IImmutableSet`1[T] documents, System.Threading.CancellationToken cancellationToken) [0x00086] in <1b72cf009970430282a46c2931a92a23>:0 \\n  at OmniSharp.Roslyn.CSharp.Services.Navigation.FindUsagesService.Handle (OmniSharp.Models.FindUsages.FindUsagesRequest request) [0x00390] in <09370a9acd194e4ab6aa0320066dbeaa>:0 \\n  at OmniSharp.Endpoint.EndpointHandler`2[TRequest,TResponse].AggregateResponsesFromLanguageHandlers (OmniSharp.Endpoint.Exports.ExportHandler`2[TRequest,TResponse][] handlers, TRequest request) [0x000a9] in <c13615cca0c74ceaa15dfd4227fc93cf>:0 \\n  at OmniSharp.Endpoint.EndpointHandler`2[TRequest,TResponse].HandleRequestForLanguage (System.String language, TRequest request, OmniSharp.Protocol.RequestPacket packet) [0x000fb] in <c13615cca0c74ceaa15dfd4227fc93cf>:0 \\n  at OmniSharp.Endpoint.EndpointHandler`2[TRequest,TResponse].Process (OmniSharp.Protocol.RequestPacket packet, OmniSharp.Endpoint.LanguageModel model, Newtonsoft.Json.Linq.JToken requestObject) [0x0024b] in <c13615cca0c74ceaa15dfd4227fc93cf>:0 \\n  at OmniSharp.Stdio.Host.HandleRequest (System.String json, Microsoft.Extensions.Logging.ILogger logger) [0x000e8] in <f4f40b9ed3034a528e91f200ff10538e>:0 \"",
  "Body": null,
  "Seq": 761,
  "Type": "response"
}
[warn]: OmniSharp.Stdio.Host
        ************ Request ************
{
  "Type": "request",
  "Seq": 41,
  "Command": "/findusages",
  "Arguments": {
    "FileName": "/home/jesus/projects/gpz/Gpz.core/Observaciones.cs",
    "Line": 6,
    "Column": 6,
    "OnlyThisFile": true,
    "ExcludeDefinition": false
  }
}
[fail]: OmniSharp.Stdio.Host
        ************  Response ************ 
{
  "Request_seq": 41,
  "Command": "/findusages",
  "Running": true,
  "Success": false,
  "Message": "\"System.InvalidOperationException: Unexpected null\\n  at Roslyn.Utilities.Contract.Fail (System.String message) [0x00000] in <1b72cf009970430282a46c2931a92a23>:0 \\n  at Microsoft.CodeAnalysis.FindSymbols.FindReferencesSearchEngine.MapToAppropriateSymbol (Microsoft.CodeAnalysis.ISymbol symbol) [0x0003a] in <1b72cf009970430282a46c2931a92a23>:0 \\n  at Microsoft.CodeAnalysis.FindSymbols.FindReferencesSearchEngine.DetermineAllSymbolsCoreAsync (Microsoft.CodeAnalysis.ISymbol symbol, Roslyn.Utilities.ConcurrentSet`1[T] result) [0x0005b] in <1b72cf009970430282a46c2931a92a23>:0 \\n  at Microsoft.CodeAnalysis.FindSymbols.FindReferencesSearchEngine.DetermineAllSymbolsAsync (Microsoft.CodeAnalysis.ISymbol symbol) [0x0009f] in <1b72cf009970430282a46c2931a92a23>:0 \\n  at Microsoft.CodeAnalysis.FindSymbols.FindReferencesSearchEngine.FindReferencesAsync (Microsoft.CodeAnalysis.ISymbol symbol) [0x001d5] in <1b72cf009970430282a46c2931a92a23>:0 \\n  at Microsoft.CodeAnalysis.FindSymbols.FindReferencesSearchEngine.FindReferencesAsync (Microsoft.CodeAnalysis.ISymbol symbol) [0x003ba] in <1b72cf009970430282a46c2931a92a23>:0 \\n  at Microsoft.CodeAnalysis.FindSymbols.FindReferencesSearchEngine.FindReferencesAsync (Microsoft.CodeAnalysis.ISymbol symbol) [0x00463] in <1b72cf009970430282a46c2931a92a23>:0 \\n  at Microsoft.CodeAnalysis.FindSymbols.SymbolFinder.FindReferencesAsync (Microsoft.CodeAnalysis.ISymbol symbol, Microsoft.CodeAnalysis.Solution solution, Microsoft.CodeAnalysis.FindSymbols.IStreamingFindReferencesProgress progress, System.Collections.Immutable.IImmutableSet`1[T] documents, Microsoft.CodeAnalysis.FindSymbols.FindReferencesSearchOptions options, System.Threading.CancellationToken cancellationToken) [0x00267] in <1b72cf009970430282a46c2931a92a23>:0 \\n  at Microsoft.CodeAnalysis.FindSymbols.SymbolFinder.FindReferencesAsync (Microsoft.CodeAnalysis.ISymbol symbol, Microsoft.CodeAnalysis.Solution solution, Microsoft.CodeAnalysis.FindSymbols.IFindReferencesProgress progress, System.Collections.Immutable.IImmutableSet`1[T] documents, Microsoft.CodeAnalysis.FindSymbols.FindReferencesSearchOptions options, System.Threading.CancellationToken cancellationToken) [0x000b3] in <1b72cf009970430282a46c2931a92a23>:0 \\n  at Microsoft.CodeAnalysis.FindSymbols.SymbolFinder.FindReferencesAsync (Microsoft.CodeAnalysis.ISymbol symbol, Microsoft.CodeAnalysis.Solution solution, Microsoft.CodeAnalysis.FindSymbols.IFindReferencesProgress progress, System.Collections.Immutable.IImmutableSet`1[T] documents, System.Threading.CancellationToken cancellationToken) [0x00086] in <1b72cf009970430282a46c2931a92a23>:0 \\n  at OmniSharp.Roslyn.CSharp.Services.Navigation.FindUsagesService.Handle (OmniSharp.Models.FindUsages.FindUsagesRequest request) [0x00390] in <09370a9acd194e4ab6aa0320066dbeaa>:0 \\n  at OmniSharp.Endpoint.EndpointHandler`2[TRequest,TResponse].AggregateResponsesFromLanguageHandlers (OmniSharp.Endpoint.Exports.ExportHandler`2[TRequest,TResponse][] handlers, TRequest request) [0x000a9] in <c13615cca0c74ceaa15dfd4227fc93cf>:0 \\n  at OmniSharp.Endpoint.EndpointHandler`2[TRequest,TResponse].HandleRequestForLanguage (System.String language, TRequest request, OmniSharp.Protocol.RequestPacket packet) [0x000fb] in <c13615cca0c74ceaa15dfd4227fc93cf>:0 \\n  at OmniSharp.Endpoint.EndpointHandler`2[TRequest,TResponse].Process (OmniSharp.Protocol.RequestPacket packet, OmniSharp.Endpoint.LanguageModel model, Newtonsoft.Json.Linq.JToken requestObject) [0x0024b] in <c13615cca0c74ceaa15dfd4227fc93cf>:0 \\n  at OmniSharp.Stdio.Host.HandleRequest (System.String json, Microsoft.Extensions.Logging.ILogger logger) [0x000e8] in <f4f40b9ed3034a528e91f200ff10538e>:0 \"",
  "Body": null,
  "Seq": 766,
  "Type": "response"
}
[warn]: OmniSharp.Stdio.Host
        ************ Request ************
{
  "Type": "request",
  "Seq": 45,
  "Command": "/findusages",
  "Arguments": {
    "FileName": "/home/jesus/projects/gpz/Gpz.core/Observaciones.cs",
    "Line": 6,
    "Column": 6,
    "OnlyThisFile": true,
    "ExcludeDefinition": false
  }
}
[fail]: OmniSharp.Stdio.Host
        ************  Response ************ 
{
  "Request_seq": 45,
  "Command": "/findusages",
  "Running": true,
  "Success": false,
  "Message": "\"System.InvalidOperationException: Unexpected null\\n  at Roslyn.Utilities.Contract.Fail (System.String message) [0x00000] in <1b72cf009970430282a46c2931a92a23>:0 \\n  at Microsoft.CodeAnalysis.FindSymbols.FindReferencesSearchEngine.MapToAppropriateSymbol (Microsoft.CodeAnalysis.ISymbol symbol) [0x0003a] in <1b72cf009970430282a46c2931a92a23>:0 \\n  at Microsoft.CodeAnalysis.FindSymbols.FindReferencesSearchEngine.DetermineAllSymbolsCoreAsync (Microsoft.CodeAnalysis.ISymbol symbol, Roslyn.Utilities.ConcurrentSet`1[T] result) [0x0005b] in <1b72cf009970430282a46c2931a92a23>:0 \\n  at Microsoft.CodeAnalysis.FindSymbols.FindReferencesSearchEngine.DetermineAllSymbolsAsync (Microsoft.CodeAnalysis.ISymbol symbol) [0x0009f] in <1b72cf009970430282a46c2931a92a23>:0 \\n  at Microsoft.CodeAnalysis.FindSymbols.FindReferencesSearchEngine.FindReferencesAsync (Microsoft.CodeAnalysis.ISymbol symbol) [0x001d5] in <1b72cf009970430282a46c2931a92a23>:0 \\n  at Microsoft.CodeAnalysis.FindSymbols.FindReferencesSearchEngine.FindReferencesAsync (Microsoft.CodeAnalysis.ISymbol symbol) [0x003ba] in <1b72cf009970430282a46c2931a92a23>:0 \\n  at Microsoft.CodeAnalysis.FindSymbols.FindReferencesSearchEngine.FindReferencesAsync (Microsoft.CodeAnalysis.ISymbol symbol) [0x00463] in <1b72cf009970430282a46c2931a92a23>:0 \\n  at Microsoft.CodeAnalysis.FindSymbols.SymbolFinder.FindReferencesAsync (Microsoft.CodeAnalysis.ISymbol symbol, Microsoft.CodeAnalysis.Solution solution, Microsoft.CodeAnalysis.FindSymbols.IStreamingFindReferencesProgress progress, System.Collections.Immutable.IImmutableSet`1[T] documents, Microsoft.CodeAnalysis.FindSymbols.FindReferencesSearchOptions options, System.Threading.CancellationToken cancellationToken) [0x00267] in <1b72cf009970430282a46c2931a92a23>:0 \\n  at Microsoft.CodeAnalysis.FindSymbols.SymbolFinder.FindReferencesAsync (Microsoft.CodeAnalysis.ISymbol symbol, Microsoft.CodeAnalysis.Solution solution, Microsoft.CodeAnalysis.FindSymbols.IFindReferencesProgress progress, System.Collections.Immutable.IImmutableSet`1[T] documents, Microsoft.CodeAnalysis.FindSymbols.FindReferencesSearchOptions options, System.Threading.CancellationToken cancellationToken) [0x000b3] in <1b72cf009970430282a46c2931a92a23>:0 \\n  at Microsoft.CodeAnalysis.FindSymbols.SymbolFinder.FindReferencesAsync (Microsoft.CodeAnalysis.ISymbol symbol, Microsoft.CodeAnalysis.Solution solution, Microsoft.CodeAnalysis.FindSymbols.IFindReferencesProgress progress, System.Collections.Immutable.IImmutableSet`1[T] documents, System.Threading.CancellationToken cancellationToken) [0x00086] in <1b72cf009970430282a46c2931a92a23>:0 \\n  at OmniSharp.Roslyn.CSharp.Services.Navigation.FindUsagesService.Handle (OmniSharp.Models.FindUsages.FindUsagesRequest request) [0x00390] in <09370a9acd194e4ab6aa0320066dbeaa>:0 \\n  at OmniSharp.Endpoint.EndpointHandler`2[TRequest,TResponse].AggregateResponsesFromLanguageHandlers (OmniSharp.Endpoint.Exports.ExportHandler`2[TRequest,TResponse][] handlers, TRequest request) [0x000a9] in <c13615cca0c74ceaa15dfd4227fc93cf>:0 \\n  at OmniSharp.Endpoint.EndpointHandler`2[TRequest,TResponse].HandleRequestForLanguage (System.String language, TRequest request, OmniSharp.Protocol.RequestPacket packet) [0x000fb] in <c13615cca0c74ceaa15dfd4227fc93cf>:0 \\n  at OmniSharp.Endpoint.EndpointHandler`2[TRequest,TResponse].Process (OmniSharp.Protocol.RequestPacket packet, OmniSharp.Endpoint.LanguageModel model, Newtonsoft.Json.Linq.JToken requestObject) [0x0024b] in <c13615cca0c74ceaa15dfd4227fc93cf>:0 \\n  at OmniSharp.Stdio.Host.HandleRequest (System.String json, Microsoft.Extensions.Logging.ILogger logger) [0x000e8] in <f4f40b9ed3034a528e91f200ff10538e>:0 \"",
  "Body": null,
  "Seq": 797,
  "Type": "response"
}
[warn]: OmniSharp.Stdio.Host
        ************ Request ************
{
  "Type": "request",
  "Seq": 57,
  "Command": "/findusages",
  "Arguments": {
    "FileName": "/home/jesus/projects/gpz/Gpz.core/Observaciones.cs",
    "Line": 6,
    "Column": 7,
    "OnlyThisFile": true,
    "ExcludeDefinition": false
  }
}
[fail]: OmniSharp.Stdio.Host
        ************  Response ************ 
{
  "Request_seq": 57,
  "Command": "/findusages",
  "Running": true,
  "Success": false,
  "Message": "\"System.InvalidOperationException: Unexpected null\\n  at Roslyn.Utilities.Contract.Fail (System.String message) [0x00000] in <1b72cf009970430282a46c2931a92a23>:0 \\n  at Microsoft.CodeAnalysis.FindSymbols.FindReferencesSearchEngine.MapToAppropriateSymbol (Microsoft.CodeAnalysis.ISymbol symbol) [0x0003a] in <1b72cf009970430282a46c2931a92a23>:0 \\n  at Microsoft.CodeAnalysis.FindSymbols.FindReferencesSearchEngine.DetermineAllSymbolsCoreAsync (Microsoft.CodeAnalysis.ISymbol symbol, Roslyn.Utilities.ConcurrentSet`1[T] result) [0x0005b] in <1b72cf009970430282a46c2931a92a23>:0 \\n  at Microsoft.CodeAnalysis.FindSymbols.FindReferencesSearchEngine.DetermineAllSymbolsAsync (Microsoft.CodeAnalysis.ISymbol symbol) [0x0009f] in <1b72cf009970430282a46c2931a92a23>:0 \\n  at Microsoft.CodeAnalysis.FindSymbols.FindReferencesSearchEngine.FindReferencesAsync (Microsoft.CodeAnalysis.ISymbol symbol) [0x001d5] in <1b72cf009970430282a46c2931a92a23>:0 \\n  at Microsoft.CodeAnalysis.FindSymbols.FindReferencesSearchEngine.FindReferencesAsync (Microsoft.CodeAnalysis.ISymbol symbol) [0x003ba] in <1b72cf009970430282a46c2931a92a23>:0 \\n  at Microsoft.CodeAnalysis.FindSymbols.FindReferencesSearchEngine.FindReferencesAsync (Microsoft.CodeAnalysis.ISymbol symbol) [0x00463] in <1b72cf009970430282a46c2931a92a23>:0 \\n  at Microsoft.CodeAnalysis.FindSymbols.SymbolFinder.FindReferencesAsync (Microsoft.CodeAnalysis.ISymbol symbol, Microsoft.CodeAnalysis.Solution solution, Microsoft.CodeAnalysis.FindSymbols.IStreamingFindReferencesProgress progress, System.Collections.Immutable.IImmutableSet`1[T] documents, Microsoft.CodeAnalysis.FindSymbols.FindReferencesSearchOptions options, System.Threading.CancellationToken cancellationToken) [0x00267] in <1b72cf009970430282a46c2931a92a23>:0 \\n  at Microsoft.CodeAnalysis.FindSymbols.SymbolFinder.FindReferencesAsync (Microsoft.CodeAnalysis.ISymbol symbol, Microsoft.CodeAnalysis.Solution solution, Microsoft.CodeAnalysis.FindSymbols.IFindReferencesProgress progress, System.Collections.Immutable.IImmutableSet`1[T] documents, Microsoft.CodeAnalysis.FindSymbols.FindReferencesSearchOptions options, System.Threading.CancellationToken cancellationToken) [0x000b3] in <1b72cf009970430282a46c2931a92a23>:0 \\n  at Microsoft.CodeAnalysis.FindSymbols.SymbolFinder.FindReferencesAsync (Microsoft.CodeAnalysis.ISymbol symbol, Microsoft.CodeAnalysis.Solution solution, Microsoft.CodeAnalysis.FindSymbols.IFindReferencesProgress progress, System.Collections.Immutable.IImmutableSet`1[T] documents, System.Threading.CancellationToken cancellationToken) [0x00086] in <1b72cf009970430282a46c2931a92a23>:0 \\n  at OmniSharp.Roslyn.CSharp.Services.Navigation.FindUsagesService.Handle (OmniSharp.Models.FindUsages.FindUsagesRequest request) [0x00390] in <09370a9acd194e4ab6aa0320066dbeaa>:0 \\n  at OmniSharp.Endpoint.EndpointHandler`2[TRequest,TResponse].AggregateResponsesFromLanguageHandlers (OmniSharp.Endpoint.Exports.ExportHandler`2[TRequest,TResponse][] handlers, TRequest request) [0x000a9] in <c13615cca0c74ceaa15dfd4227fc93cf>:0 \\n  at OmniSharp.Endpoint.EndpointHandler`2[TRequest,TResponse].HandleRequestForLanguage (System.String language, TRequest request, OmniSharp.Protocol.RequestPacket packet) [0x000fb] in <c13615cca0c74ceaa15dfd4227fc93cf>:0 \\n  at OmniSharp.Endpoint.EndpointHandler`2[TRequest,TResponse].Process (OmniSharp.Protocol.RequestPacket packet, OmniSharp.Endpoint.LanguageModel model, Newtonsoft.Json.Linq.JToken requestObject) [0x0024b] in <c13615cca0c74ceaa15dfd4227fc93cf>:0 \\n  at OmniSharp.Stdio.Host.HandleRequest (System.String json, Microsoft.Extensions.Logging.ILogger logger) [0x000e8] in <f4f40b9ed3034a528e91f200ff10538e>:0 \"",
  "Body": null,
  "Seq": 817,
  "Type": "response"
}
[warn]: OmniSharp.Stdio.Host
        ************ Request ************
{
  "Type": "request",
  "Seq": 60,
  "Command": "/findusages",
  "Arguments": {
    "FileName": "/home/jesus/projects/gpz/Gpz.core/Observaciones.cs",
    "Line": 6,
    "Column": 8,
    "OnlyThisFile": true,
    "ExcludeDefinition": false
  }
}
[fail]: OmniSharp.Stdio.Host
        ************  Response ************ 
{
  "Request_seq": 60,
  "Command": "/findusages",
  "Running": true,
  "Success": false,
  "Message": "\"System.InvalidOperationException: Unexpected null\\n  at Roslyn.Utilities.Contract.Fail (System.String message) [0x00000] in <1b72cf009970430282a46c2931a92a23>:0 \\n  at Microsoft.CodeAnalysis.FindSymbols.FindReferencesSearchEngine.MapToAppropriateSymbol (Microsoft.CodeAnalysis.ISymbol symbol) [0x0003a] in <1b72cf009970430282a46c2931a92a23>:0 \\n  at Microsoft.CodeAnalysis.FindSymbols.FindReferencesSearchEngine.DetermineAllSymbolsCoreAsync (Microsoft.CodeAnalysis.ISymbol symbol, Roslyn.Utilities.ConcurrentSet`1[T] result) [0x0005b] in <1b72cf009970430282a46c2931a92a23>:0 \\n  at Microsoft.CodeAnalysis.FindSymbols.FindReferencesSearchEngine.DetermineAllSymbolsAsync (Microsoft.CodeAnalysis.ISymbol symbol) [0x0009f] in <1b72cf009970430282a46c2931a92a23>:0 \\n  at Microsoft.CodeAnalysis.FindSymbols.FindReferencesSearchEngine.FindReferencesAsync (Microsoft.CodeAnalysis.ISymbol symbol) [0x001d5] in <1b72cf009970430282a46c2931a92a23>:0 \\n  at Microsoft.CodeAnalysis.FindSymbols.FindReferencesSearchEngine.FindReferencesAsync (Microsoft.CodeAnalysis.ISymbol symbol) [0x003ba] in <1b72cf009970430282a46c2931a92a23>:0 \\n  at Microsoft.CodeAnalysis.FindSymbols.FindReferencesSearchEngine.FindReferencesAsync (Microsoft.CodeAnalysis.ISymbol symbol) [0x00463] in <1b72cf009970430282a46c2931a92a23>:0 \\n  at Microsoft.CodeAnalysis.FindSymbols.SymbolFinder.FindReferencesAsync (Microsoft.CodeAnalysis.ISymbol symbol, Microsoft.CodeAnalysis.Solution solution, Microsoft.CodeAnalysis.FindSymbols.IStreamingFindReferencesProgress progress, System.Collections.Immutable.IImmutableSet`1[T] documents, Microsoft.CodeAnalysis.FindSymbols.FindReferencesSearchOptions options, System.Threading.CancellationToken cancellationToken) [0x00267] in <1b72cf009970430282a46c2931a92a23>:0 \\n  at Microsoft.CodeAnalysis.FindSymbols.SymbolFinder.FindReferencesAsync (Microsoft.CodeAnalysis.ISymbol symbol, Microsoft.CodeAnalysis.Solution solution, Microsoft.CodeAnalysis.FindSymbols.IFindReferencesProgress progress, System.Collections.Immutable.IImmutableSet`1[T] documents, Microsoft.CodeAnalysis.FindSymbols.FindReferencesSearchOptions options, System.Threading.CancellationToken cancellationToken) [0x000b3] in <1b72cf009970430282a46c2931a92a23>:0 \\n  at Microsoft.CodeAnalysis.FindSymbols.SymbolFinder.FindReferencesAsync (Microsoft.CodeAnalysis.ISymbol symbol, Microsoft.CodeAnalysis.Solution solution, Microsoft.CodeAnalysis.FindSymbols.IFindReferencesProgress progress, System.Collections.Immutable.IImmutableSet`1[T] documents, System.Threading.CancellationToken cancellationToken) [0x00086] in <1b72cf009970430282a46c2931a92a23>:0 \\n  at OmniSharp.Roslyn.CSharp.Services.Navigation.FindUsagesService.Handle (OmniSharp.Models.FindUsages.FindUsagesRequest request) [0x00390] in <09370a9acd194e4ab6aa0320066dbeaa>:0 \\n  at OmniSharp.Endpoint.EndpointHandler`2[TRequest,TResponse].AggregateResponsesFromLanguageHandlers (OmniSharp.Endpoint.Exports.ExportHandler`2[TRequest,TResponse][] handlers, TRequest request) [0x000a9] in <c13615cca0c74ceaa15dfd4227fc93cf>:0 \\n  at OmniSharp.Endpoint.EndpointHandler`2[TRequest,TResponse].HandleRequestForLanguage (System.String language, TRequest request, OmniSharp.Protocol.RequestPacket packet) [0x000fb] in <c13615cca0c74ceaa15dfd4227fc93cf>:0 \\n  at OmniSharp.Endpoint.EndpointHandler`2[TRequest,TResponse].Process (OmniSharp.Protocol.RequestPacket packet, OmniSharp.Endpoint.LanguageModel model, Newtonsoft.Json.Linq.JToken requestObject) [0x0024b] in <c13615cca0c74ceaa15dfd4227fc93cf>:0 \\n  at OmniSharp.Stdio.Host.HandleRequest (System.String json, Microsoft.Extensions.Logging.ILogger logger) [0x000e8] in <f4f40b9ed3034a528e91f200ff10538e>:0 \"",
  "Body": null,
  "Seq": 824,
  "Type": "response"
}
Received response for /completion but could not find request.
[warn]: OmniSharp.Stdio.Host
        ************ Request ************
{
  "Type": "request",
  "Seq": 72,
  "Command": "/findusages",
  "Arguments": {
    "FileName": "/home/jesus/projects/gpz/Gpz.core/Observaciones.cs",
    "Line": 6,
    "Column": 7,
    "OnlyThisFile": true,
    "ExcludeDefinition": false
  }
}
[fail]: OmniSharp.Stdio.Host
        ************  Response ************ 
{
  "Request_seq": 72,
  "Command": "/findusages",
  "Running": true,
  "Success": false,
  "Message": "\"System.InvalidOperationException: Unexpected null\\n  at Roslyn.Utilities.Contract.Fail (System.String message) [0x00000] in <1b72cf009970430282a46c2931a92a23>:0 \\n  at Microsoft.CodeAnalysis.FindSymbols.FindReferencesSearchEngine.MapToAppropriateSymbol (Microsoft.CodeAnalysis.ISymbol symbol) [0x0003a] in <1b72cf009970430282a46c2931a92a23>:0 \\n  at Microsoft.CodeAnalysis.FindSymbols.FindReferencesSearchEngine.DetermineAllSymbolsCoreAsync (Microsoft.CodeAnalysis.ISymbol symbol, Roslyn.Utilities.ConcurrentSet`1[T] result) [0x0005b] in <1b72cf009970430282a46c2931a92a23>:0 \\n  at Microsoft.CodeAnalysis.FindSymbols.FindReferencesSearchEngine.DetermineAllSymbolsAsync (Microsoft.CodeAnalysis.ISymbol symbol) [0x0009f] in <1b72cf009970430282a46c2931a92a23>:0 \\n  at Microsoft.CodeAnalysis.FindSymbols.FindReferencesSearchEngine.FindReferencesAsync (Microsoft.CodeAnalysis.ISymbol symbol) [0x001d5] in <1b72cf009970430282a46c2931a92a23>:0 \\n  at Microsoft.CodeAnalysis.FindSymbols.FindReferencesSearchEngine.FindReferencesAsync (Microsoft.CodeAnalysis.ISymbol symbol) [0x003ba] in <1b72cf009970430282a46c2931a92a23>:0 \\n  at Microsoft.CodeAnalysis.FindSymbols.FindReferencesSearchEngine.FindReferencesAsync (Microsoft.CodeAnalysis.ISymbol symbol) [0x00463] in <1b72cf009970430282a46c2931a92a23>:0 \\n  at Microsoft.CodeAnalysis.FindSymbols.SymbolFinder.FindReferencesAsync (Microsoft.CodeAnalysis.ISymbol symbol, Microsoft.CodeAnalysis.Solution solution, Microsoft.CodeAnalysis.FindSymbols.IStreamingFindReferencesProgress progress, System.Collections.Immutable.IImmutableSet`1[T] documents, Microsoft.CodeAnalysis.FindSymbols.FindReferencesSearchOptions options, System.Threading.CancellationToken cancellationToken) [0x00267] in <1b72cf009970430282a46c2931a92a23>:0 \\n  at Microsoft.CodeAnalysis.FindSymbols.SymbolFinder.FindReferencesAsync (Microsoft.CodeAnalysis.ISymbol symbol, Microsoft.CodeAnalysis.Solution solution, Microsoft.CodeAnalysis.FindSymbols.IFindReferencesProgress progress, System.Collections.Immutable.IImmutableSet`1[T] documents, Microsoft.CodeAnalysis.FindSymbols.FindReferencesSearchOptions options, System.Threading.CancellationToken cancellationToken) [0x000b3] in <1b72cf009970430282a46c2931a92a23>:0 \\n  at Microsoft.CodeAnalysis.FindSymbols.SymbolFinder.FindReferencesAsync (Microsoft.CodeAnalysis.ISymbol symbol, Microsoft.CodeAnalysis.Solution solution, Microsoft.CodeAnalysis.FindSymbols.IFindReferencesProgress progress, System.Collections.Immutable.IImmutableSet`1[T] documents, System.Threading.CancellationToken cancellationToken) [0x00086] in <1b72cf009970430282a46c2931a92a23>:0 \\n  at OmniSharp.Roslyn.CSharp.Services.Navigation.FindUsagesService.Handle (OmniSharp.Models.FindUsages.FindUsagesRequest request) [0x00390] in <09370a9acd194e4ab6aa0320066dbeaa>:0 \\n  at OmniSharp.Endpoint.EndpointHandler`2[TRequest,TResponse].AggregateResponsesFromLanguageHandlers (OmniSharp.Endpoint.Exports.ExportHandler`2[TRequest,TResponse][] handlers, TRequest request) [0x000a9] in <c13615cca0c74ceaa15dfd4227fc93cf>:0 \\n  at OmniSharp.Endpoint.EndpointHandler`2[TRequest,TResponse].HandleRequestForLanguage (System.String language, TRequest request, OmniSharp.Protocol.RequestPacket packet) [0x000fb] in <c13615cca0c74ceaa15dfd4227fc93cf>:0 \\n  at OmniSharp.Endpoint.EndpointHandler`2[TRequest,TResponse].Process (OmniSharp.Protocol.RequestPacket packet, OmniSharp.Endpoint.LanguageModel model, Newtonsoft.Json.Linq.JToken requestObject) [0x0024b] in <c13615cca0c74ceaa15dfd4227fc93cf>:0 \\n  at OmniSharp.Stdio.Host.HandleRequest (System.String json, Microsoft.Extensions.Logging.ILogger logger) [0x000e8] in <f4f40b9ed3034a528e91f200ff10538e>:0 \"",
  "Body": null,
  "Seq": 864,
  "Type": "response"
}
[warn]: OmniSharp.Stdio.Host
        ************ Request ************
{
  "Type": "request",
  "Seq": 78,
  "Command": "/findusages",
  "Arguments": {
    "FileName": "/home/jesus/projects/gpz/Gpz.core/Observaciones.cs",
    "Line": 6,
    "Column": 6,
    "OnlyThisFile": true,
    "ExcludeDefinition": false
  }
}
[fail]: OmniSharp.Stdio.Host
        ************  Response ************ 
{
  "Request_seq": 78,
  "Command": "/findusages",
  "Running": true,
  "Success": false,
  "Message": "\"System.InvalidOperationException: Unexpected null\\n  at Roslyn.Utilities.Contract.Fail (System.String message) [0x00000] in <1b72cf009970430282a46c2931a92a23>:0 \\n  at Microsoft.CodeAnalysis.FindSymbols.FindReferencesSearchEngine.MapToAppropriateSymbol (Microsoft.CodeAnalysis.ISymbol symbol) [0x0003a] in <1b72cf009970430282a46c2931a92a23>:0 \\n  at Microsoft.CodeAnalysis.FindSymbols.FindReferencesSearchEngine.DetermineAllSymbolsCoreAsync (Microsoft.CodeAnalysis.ISymbol symbol, Roslyn.Utilities.ConcurrentSet`1[T] result) [0x0005b] in <1b72cf009970430282a46c2931a92a23>:0 \\n  at Microsoft.CodeAnalysis.FindSymbols.FindReferencesSearchEngine.DetermineAllSymbolsAsync (Microsoft.CodeAnalysis.ISymbol symbol) [0x0009f] in <1b72cf009970430282a46c2931a92a23>:0 \\n  at Microsoft.CodeAnalysis.FindSymbols.FindReferencesSearchEngine.FindReferencesAsync (Microsoft.CodeAnalysis.ISymbol symbol) [0x001d5] in <1b72cf009970430282a46c2931a92a23>:0 \\n  at Microsoft.CodeAnalysis.FindSymbols.FindReferencesSearchEngine.FindReferencesAsync (Microsoft.CodeAnalysis.ISymbol symbol) [0x003ba] in <1b72cf009970430282a46c2931a92a23>:0 \\n  at Microsoft.CodeAnalysis.FindSymbols.FindReferencesSearchEngine.FindReferencesAsync (Microsoft.CodeAnalysis.ISymbol symbol) [0x00463] in <1b72cf009970430282a46c2931a92a23>:0 \\n  at Microsoft.CodeAnalysis.FindSymbols.SymbolFinder.FindReferencesAsync (Microsoft.CodeAnalysis.ISymbol symbol, Microsoft.CodeAnalysis.Solution solution, Microsoft.CodeAnalysis.FindSymbols.IStreamingFindReferencesProgress progress, System.Collections.Immutable.IImmutableSet`1[T] documents, Microsoft.CodeAnalysis.FindSymbols.FindReferencesSearchOptions options, System.Threading.CancellationToken cancellationToken) [0x00267] in <1b72cf009970430282a46c2931a92a23>:0 \\n  at Microsoft.CodeAnalysis.FindSymbols.SymbolFinder.FindReferencesAsync (Microsoft.CodeAnalysis.ISymbol symbol, Microsoft.CodeAnalysis.Solution solution, Microsoft.CodeAnalysis.FindSymbols.IFindReferencesProgress progress, System.Collections.Immutable.IImmutableSet`1[T] documents, Microsoft.CodeAnalysis.FindSymbols.FindReferencesSearchOptions options, System.Threading.CancellationToken cancellationToken) [0x000b3] in <1b72cf009970430282a46c2931a92a23>:0 \\n  at Microsoft.CodeAnalysis.FindSymbols.SymbolFinder.FindReferencesAsync (Microsoft.CodeAnalysis.ISymbol symbol, Microsoft.CodeAnalysis.Solution solution, Microsoft.CodeAnalysis.FindSymbols.IFindReferencesProgress progress, System.Collections.Immutable.IImmutableSet`1[T] documents, System.Threading.CancellationToken cancellationToken) [0x00086] in <1b72cf009970430282a46c2931a92a23>:0 \\n  at OmniSharp.Roslyn.CSharp.Services.Navigation.FindUsagesService.Handle (OmniSharp.Models.FindUsages.FindUsagesRequest request) [0x00390] in <09370a9acd194e4ab6aa0320066dbeaa>:0 \\n  at OmniSharp.Endpoint.EndpointHandler`2[TRequest,TResponse].AggregateResponsesFromLanguageHandlers (OmniSharp.Endpoint.Exports.ExportHandler`2[TRequest,TResponse][] handlers, TRequest request) [0x000a9] in <c13615cca0c74ceaa15dfd4227fc93cf>:0 \\n  at OmniSharp.Endpoint.EndpointHandler`2[TRequest,TResponse].HandleRequestForLanguage (System.String language, TRequest request, OmniSharp.Protocol.RequestPacket packet) [0x000fb] in <c13615cca0c74ceaa15dfd4227fc93cf>:0 \\n  at OmniSharp.Endpoint.EndpointHandler`2[TRequest,TResponse].Process (OmniSharp.Protocol.RequestPacket packet, OmniSharp.Endpoint.LanguageModel model, Newtonsoft.Json.Linq.JToken requestObject) [0x0024b] in <c13615cca0c74ceaa15dfd4227fc93cf>:0 \\n  at OmniSharp.Stdio.Host.HandleRequest (System.String json, Microsoft.Extensions.Logging.ILogger logger) [0x000e8] in <f4f40b9ed3034a528e91f200ff10538e>:0 \"",
  "Body": null,
  "Seq": 876,
  "Type": "response"
}
[warn]: OmniSharp.Stdio.Host
        ************ Request ************
{
  "Type": "request",
  "Seq": 95,
  "Command": "/findusages",
  "Arguments": {
    "FileName": "/home/jesus/projects/gpz/Gpz.core/Observaciones.cs",
    "Line": 2,
    "Column": 5,
    "OnlyThisFile": true,
    "ExcludeDefinition": false
  }
}
[fail]: OmniSharp.Stdio.Host
        ************  Response ************ 
{
  "Request_seq": 95,
  "Command": "/findusages",
  "Running": true,
  "Success": false,
  "Message": "\"System.InvalidOperationException: Unexpected null\\n  at Roslyn.Utilities.Contract.Fail (System.String message) [0x00000] in <1b72cf009970430282a46c2931a92a23>:0 \\n  at Microsoft.CodeAnalysis.FindSymbols.FindReferencesSearchEngine.MapToAppropriateSymbol (Microsoft.CodeAnalysis.ISymbol symbol) [0x0003a] in <1b72cf009970430282a46c2931a92a23>:0 \\n  at Microsoft.CodeAnalysis.FindSymbols.FindReferencesSearchEngine.DetermineAllSymbolsCoreAsync (Microsoft.CodeAnalysis.ISymbol symbol, Roslyn.Utilities.ConcurrentSet`1[T] result) [0x0005b] in <1b72cf009970430282a46c2931a92a23>:0 \\n  at Microsoft.CodeAnalysis.FindSymbols.FindReferencesSearchEngine.DetermineAllSymbolsAsync (Microsoft.CodeAnalysis.ISymbol symbol) [0x0009f] in <1b72cf009970430282a46c2931a92a23>:0 \\n  at Microsoft.CodeAnalysis.FindSymbols.FindReferencesSearchEngine.FindReferencesAsync (Microsoft.CodeAnalysis.ISymbol symbol) [0x001d5] in <1b72cf009970430282a46c2931a92a23>:0 \\n  at Microsoft.CodeAnalysis.FindSymbols.FindReferencesSearchEngine.FindReferencesAsync (Microsoft.CodeAnalysis.ISymbol symbol) [0x003ba] in <1b72cf009970430282a46c2931a92a23>:0 \\n  at Microsoft.CodeAnalysis.FindSymbols.FindReferencesSearchEngine.FindReferencesAsync (Microsoft.CodeAnalysis.ISymbol symbol) [0x00463] in <1b72cf009970430282a46c2931a92a23>:0 \\n  at Microsoft.CodeAnalysis.FindSymbols.SymbolFinder.FindReferencesAsync (Microsoft.CodeAnalysis.ISymbol symbol, Microsoft.CodeAnalysis.Solution solution, Microsoft.CodeAnalysis.FindSymbols.IStreamingFindReferencesProgress progress, System.Collections.Immutable.IImmutableSet`1[T] documents, Microsoft.CodeAnalysis.FindSymbols.FindReferencesSearchOptions options, System.Threading.CancellationToken cancellationToken) [0x00267] in <1b72cf009970430282a46c2931a92a23>:0 \\n  at Microsoft.CodeAnalysis.FindSymbols.SymbolFinder.FindReferencesAsync (Microsoft.CodeAnalysis.ISymbol symbol, Microsoft.CodeAnalysis.Solution solution, Microsoft.CodeAnalysis.FindSymbols.IFindReferencesProgress progress, System.Collections.Immutable.IImmutableSet`1[T] documents, Microsoft.CodeAnalysis.FindSymbols.FindReferencesSearchOptions options, System.Threading.CancellationToken cancellationToken) [0x000b3] in <1b72cf009970430282a46c2931a92a23>:0 \\n  at Microsoft.CodeAnalysis.FindSymbols.SymbolFinder.FindReferencesAsync (Microsoft.CodeAnalysis.ISymbol symbol, Microsoft.CodeAnalysis.Solution solution, Microsoft.CodeAnalysis.FindSymbols.IFindReferencesProgress progress, System.Collections.Immutable.IImmutableSet`1[T] documents, System.Threading.CancellationToken cancellationToken) [0x00086] in <1b72cf009970430282a46c2931a92a23>:0 \\n  at OmniSharp.Roslyn.CSharp.Services.Navigation.FindUsagesService.Handle (OmniSharp.Models.FindUsages.FindUsagesRequest request) [0x00390] in <09370a9acd194e4ab6aa0320066dbeaa>:0 \\n  at OmniSharp.Endpoint.EndpointHandler`2[TRequest,TResponse].AggregateResponsesFromLanguageHandlers (OmniSharp.Endpoint.Exports.ExportHandler`2[TRequest,TResponse][] handlers, TRequest request) [0x000a9] in <c13615cca0c74ceaa15dfd4227fc93cf>:0 \\n  at OmniSharp.Endpoint.EndpointHandler`2[TRequest,TResponse].HandleRequestForLanguage (System.String language, TRequest request, OmniSharp.Protocol.RequestPacket packet) [0x000fb] in <c13615cca0c74ceaa15dfd4227fc93cf>:0 \\n  at OmniSharp.Endpoint.EndpointHandler`2[TRequest,TResponse].Process (OmniSharp.Protocol.RequestPacket packet, OmniSharp.Endpoint.LanguageModel model, Newtonsoft.Json.Linq.JToken requestObject) [0x0024b] in <c13615cca0c74ceaa15dfd4227fc93cf>:0 \\n  at OmniSharp.Stdio.Host.HandleRequest (System.String json, Microsoft.Extensions.Logging.ILogger logger) [0x000e8] in <f4f40b9ed3034a528e91f200ff10538e>:0 \"",
  "Body": null,
  "Seq": 1111,
  "Type": "response"
}
[warn]: OmniSharp.Stdio.Host
        ************ Request ************
{
  "Type": "request",
  "Seq": 98,
  "Command": "/findusages",
  "Arguments": {
    "FileName": "/home/jesus/projects/gpz/Gpz.core/Observaciones.cs",
    "Line": 2,
    "Column": 5,
    "OnlyThisFile": true,
    "ExcludeDefinition": false
  }
}
[fail]: OmniSharp.Stdio.Host
        ************  Response ************ 
{
  "Request_seq": 98,
  "Command": "/findusages",
  "Running": true,
  "Success": false,
  "Message": "\"System.InvalidOperationException: Unexpected null\\n  at Roslyn.Utilities.Contract.Fail (System.String message) [0x00000] in <1b72cf009970430282a46c2931a92a23>:0 \\n  at Microsoft.CodeAnalysis.FindSymbols.FindReferencesSearchEngine.MapToAppropriateSymbol (Microsoft.CodeAnalysis.ISymbol symbol) [0x0003a] in <1b72cf009970430282a46c2931a92a23>:0 \\n  at Microsoft.CodeAnalysis.FindSymbols.FindReferencesSearchEngine.DetermineAllSymbolsCoreAsync (Microsoft.CodeAnalysis.ISymbol symbol, Roslyn.Utilities.ConcurrentSet`1[T] result) [0x0005b] in <1b72cf009970430282a46c2931a92a23>:0 \\n  at Microsoft.CodeAnalysis.FindSymbols.FindReferencesSearchEngine.DetermineAllSymbolsAsync (Microsoft.CodeAnalysis.ISymbol symbol) [0x0009f] in <1b72cf009970430282a46c2931a92a23>:0 \\n  at Microsoft.CodeAnalysis.FindSymbols.FindReferencesSearchEngine.FindReferencesAsync (Microsoft.CodeAnalysis.ISymbol symbol) [0x001d5] in <1b72cf009970430282a46c2931a92a23>:0 \\n  at Microsoft.CodeAnalysis.FindSymbols.FindReferencesSearchEngine.FindReferencesAsync (Microsoft.CodeAnalysis.ISymbol symbol) [0x003ba] in <1b72cf009970430282a46c2931a92a23>:0 \\n  at Microsoft.CodeAnalysis.FindSymbols.FindReferencesSearchEngine.FindReferencesAsync (Microsoft.CodeAnalysis.ISymbol symbol) [0x00463] in <1b72cf009970430282a46c2931a92a23>:0 \\n  at Microsoft.CodeAnalysis.FindSymbols.SymbolFinder.FindReferencesAsync (Microsoft.CodeAnalysis.ISymbol symbol, Microsoft.CodeAnalysis.Solution solution, Microsoft.CodeAnalysis.FindSymbols.IStreamingFindReferencesProgress progress, System.Collections.Immutable.IImmutableSet`1[T] documents, Microsoft.CodeAnalysis.FindSymbols.FindReferencesSearchOptions options, System.Threading.CancellationToken cancellationToken) [0x00267] in <1b72cf009970430282a46c2931a92a23>:0 \\n  at Microsoft.CodeAnalysis.FindSymbols.SymbolFinder.FindReferencesAsync (Microsoft.CodeAnalysis.ISymbol symbol, Microsoft.CodeAnalysis.Solution solution, Microsoft.CodeAnalysis.FindSymbols.IFindReferencesProgress progress, System.Collections.Immutable.IImmutableSet`1[T] documents, Microsoft.CodeAnalysis.FindSymbols.FindReferencesSearchOptions options, System.Threading.CancellationToken cancellationToken) [0x000b3] in <1b72cf009970430282a46c2931a92a23>:0 \\n  at Microsoft.CodeAnalysis.FindSymbols.SymbolFinder.FindReferencesAsync (Microsoft.CodeAnalysis.ISymbol symbol, Microsoft.CodeAnalysis.Solution solution, Microsoft.CodeAnalysis.FindSymbols.IFindReferencesProgress progress, System.Collections.Immutable.IImmutableSet`1[T] documents, System.Threading.CancellationToken cancellationToken) [0x00086] in <1b72cf009970430282a46c2931a92a23>:0 \\n  at OmniSharp.Roslyn.CSharp.Services.Navigation.FindUsagesService.Handle (OmniSharp.Models.FindUsages.FindUsagesRequest request) [0x00390] in <09370a9acd194e4ab6aa0320066dbeaa>:0 \\n  at OmniSharp.Endpoint.EndpointHandler`2[TRequest,TResponse].AggregateResponsesFromLanguageHandlers (OmniSharp.Endpoint.Exports.ExportHandler`2[TRequest,TResponse][] handlers, TRequest request) [0x000a9] in <c13615cca0c74ceaa15dfd4227fc93cf>:0 \\n  at OmniSharp.Endpoint.EndpointHandler`2[TRequest,TResponse].HandleRequestForLanguage (System.String language, TRequest request, OmniSharp.Protocol.RequestPacket packet) [0x000fb] in <c13615cca0c74ceaa15dfd4227fc93cf>:0 \\n  at OmniSharp.Endpoint.EndpointHandler`2[TRequest,TResponse].Process (OmniSharp.Protocol.RequestPacket packet, OmniSharp.Endpoint.LanguageModel model, Newtonsoft.Json.Linq.JToken requestObject) [0x0024b] in <c13615cca0c74ceaa15dfd4227fc93cf>:0 \\n  at OmniSharp.Stdio.Host.HandleRequest (System.String json, Microsoft.Extensions.Logging.ILogger logger) [0x000e8] in <f4f40b9ed3034a528e91f200ff10538e>:0 \"",
  "Body": null,
  "Seq": 1125,
  "Type": "response"
}
[warn]: OmniSharp.Stdio.Host
        ************ Request ************
{
  "Type": "request",
  "Seq": 99,
  "Command": "/findusages",
  "Arguments": {
    "FileName": "/home/jesus/projects/gpz/Gpz.core/Observaciones.cs",
    "Line": 2,
    "Column": 4,
    "OnlyThisFile": true,
    "ExcludeDefinition": false
  }
}
[fail]: OmniSharp.Stdio.Host
        ************  Response ************ 
{
  "Request_seq": 99,
  "Command": "/findusages",
  "Running": true,
  "Success": false,
  "Message": "\"System.InvalidOperationException: Unexpected null\\n  at Roslyn.Utilities.Contract.Fail (System.String message) [0x00000] in <1b72cf009970430282a46c2931a92a23>:0 \\n  at Microsoft.CodeAnalysis.FindSymbols.FindReferencesSearchEngine.MapToAppropriateSymbol (Microsoft.CodeAnalysis.ISymbol symbol) [0x0003a] in <1b72cf009970430282a46c2931a92a23>:0 \\n  at Microsoft.CodeAnalysis.FindSymbols.FindReferencesSearchEngine.DetermineAllSymbolsCoreAsync (Microsoft.CodeAnalysis.ISymbol symbol, Roslyn.Utilities.ConcurrentSet`1[T] result) [0x0005b] in <1b72cf009970430282a46c2931a92a23>:0 \\n  at Microsoft.CodeAnalysis.FindSymbols.FindReferencesSearchEngine.DetermineAllSymbolsAsync (Microsoft.CodeAnalysis.ISymbol symbol) [0x0009f] in <1b72cf009970430282a46c2931a92a23>:0 \\n  at Microsoft.CodeAnalysis.FindSymbols.FindReferencesSearchEngine.FindReferencesAsync (Microsoft.CodeAnalysis.ISymbol symbol) [0x001d5] in <1b72cf009970430282a46c2931a92a23>:0 \\n  at Microsoft.CodeAnalysis.FindSymbols.FindReferencesSearchEngine.FindReferencesAsync (Microsoft.CodeAnalysis.ISymbol symbol) [0x003ba] in <1b72cf009970430282a46c2931a92a23>:0 \\n  at Microsoft.CodeAnalysis.FindSymbols.FindReferencesSearchEngine.FindReferencesAsync (Microsoft.CodeAnalysis.ISymbol symbol) [0x00463] in <1b72cf009970430282a46c2931a92a23>:0 \\n  at Microsoft.CodeAnalysis.FindSymbols.SymbolFinder.FindReferencesAsync (Microsoft.CodeAnalysis.ISymbol symbol, Microsoft.CodeAnalysis.Solution solution, Microsoft.CodeAnalysis.FindSymbols.IStreamingFindReferencesProgress progress, System.Collections.Immutable.IImmutableSet`1[T] documents, Microsoft.CodeAnalysis.FindSymbols.FindReferencesSearchOptions options, System.Threading.CancellationToken cancellationToken) [0x00267] in <1b72cf009970430282a46c2931a92a23>:0 \\n  at Microsoft.CodeAnalysis.FindSymbols.SymbolFinder.FindReferencesAsync (Microsoft.CodeAnalysis.ISymbol symbol, Microsoft.CodeAnalysis.Solution solution, Microsoft.CodeAnalysis.FindSymbols.IFindReferencesProgress progress, System.Collections.Immutable.IImmutableSet`1[T] documents, Microsoft.CodeAnalysis.FindSymbols.FindReferencesSearchOptions options, System.Threading.CancellationToken cancellationToken) [0x000b3] in <1b72cf009970430282a46c2931a92a23>:0 \\n  at Microsoft.CodeAnalysis.FindSymbols.SymbolFinder.FindReferencesAsync (Microsoft.CodeAnalysis.ISymbol symbol, Microsoft.CodeAnalysis.Solution solution, Microsoft.CodeAnalysis.FindSymbols.IFindReferencesProgress progress, System.Collections.Immutable.IImmutableSet`1[T] documents, System.Threading.CancellationToken cancellationToken) [0x00086] in <1b72cf009970430282a46c2931a92a23>:0 \\n  at OmniSharp.Roslyn.CSharp.Services.Navigation.FindUsagesService.Handle (OmniSharp.Models.FindUsages.FindUsagesRequest request) [0x00390] in <09370a9acd194e4ab6aa0320066dbeaa>:0 \\n  at OmniSharp.Endpoint.EndpointHandler`2[TRequest,TResponse].AggregateResponsesFromLanguageHandlers (OmniSharp.Endpoint.Exports.ExportHandler`2[TRequest,TResponse][] handlers, TRequest request) [0x000a9] in <c13615cca0c74ceaa15dfd4227fc93cf>:0 \\n  at OmniSharp.Endpoint.EndpointHandler`2[TRequest,TResponse].HandleRequestForLanguage (System.String language, TRequest request, OmniSharp.Protocol.RequestPacket packet) [0x000fb] in <c13615cca0c74ceaa15dfd4227fc93cf>:0 \\n  at OmniSharp.Endpoint.EndpointHandler`2[TRequest,TResponse].Process (OmniSharp.Protocol.RequestPacket packet, OmniSharp.Endpoint.LanguageModel model, Newtonsoft.Json.Linq.JToken requestObject) [0x0024b] in <c13615cca0c74ceaa15dfd4227fc93cf>:0 \\n  at OmniSharp.Stdio.Host.HandleRequest (System.String json, Microsoft.Extensions.Logging.ILogger logger) [0x000e8] in <f4f40b9ed3034a528e91f200ff10538e>:0 \"",
  "Body": null,
  "Seq": 1129,
  "Type": "response"
}
[warn]: OmniSharp.Stdio.Host
        ************ Request ************
{
  "Type": "request",
  "Seq": 104,
  "Command": "/findusages",
  "Arguments": {
    "FileName": "/home/jesus/projects/gpz/Gpz.core/Observaciones.cs",
    "Line": 2,
    "Column": 3,
    "OnlyThisFile": true,
    "ExcludeDefinition": false
  }
}
[fail]: OmniSharp.Stdio.Host
        ************  Response ************ 
{
  "Request_seq": 104,
  "Command": "/findusages",
  "Running": true,
  "Success": false,
  "Message": "\"System.InvalidOperationException: Unexpected null\\n  at Roslyn.Utilities.Contract.Fail (System.String message) [0x00000] in <1b72cf009970430282a46c2931a92a23>:0 \\n  at Microsoft.CodeAnalysis.FindSymbols.FindReferencesSearchEngine.MapToAppropriateSymbol (Microsoft.CodeAnalysis.ISymbol symbol) [0x0003a] in <1b72cf009970430282a46c2931a92a23>:0 \\n  at Microsoft.CodeAnalysis.FindSymbols.FindReferencesSearchEngine.DetermineAllSymbolsCoreAsync (Microsoft.CodeAnalysis.ISymbol symbol, Roslyn.Utilities.ConcurrentSet`1[T] result) [0x0005b] in <1b72cf009970430282a46c2931a92a23>:0 \\n  at Microsoft.CodeAnalysis.FindSymbols.FindReferencesSearchEngine.DetermineAllSymbolsAsync (Microsoft.CodeAnalysis.ISymbol symbol) [0x0009f] in <1b72cf009970430282a46c2931a92a23>:0 \\n  at Microsoft.CodeAnalysis.FindSymbols.FindReferencesSearchEngine.FindReferencesAsync (Microsoft.CodeAnalysis.ISymbol symbol) [0x001d5] in <1b72cf009970430282a46c2931a92a23>:0 \\n  at Microsoft.CodeAnalysis.FindSymbols.FindReferencesSearchEngine.FindReferencesAsync (Microsoft.CodeAnalysis.ISymbol symbol) [0x003ba] in <1b72cf009970430282a46c2931a92a23>:0 \\n  at Microsoft.CodeAnalysis.FindSymbols.FindReferencesSearchEngine.FindReferencesAsync (Microsoft.CodeAnalysis.ISymbol symbol) [0x00463] in <1b72cf009970430282a46c2931a92a23>:0 \\n  at Microsoft.CodeAnalysis.FindSymbols.SymbolFinder.FindReferencesAsync (Microsoft.CodeAnalysis.ISymbol symbol, Microsoft.CodeAnalysis.Solution solution, Microsoft.CodeAnalysis.FindSymbols.IStreamingFindReferencesProgress progress, System.Collections.Immutable.IImmutableSet`1[T] documents, Microsoft.CodeAnalysis.FindSymbols.FindReferencesSearchOptions options, System.Threading.CancellationToken cancellationToken) [0x00267] in <1b72cf009970430282a46c2931a92a23>:0 \\n  at Microsoft.CodeAnalysis.FindSymbols.SymbolFinder.FindReferencesAsync (Microsoft.CodeAnalysis.ISymbol symbol, Microsoft.CodeAnalysis.Solution solution, Microsoft.CodeAnalysis.FindSymbols.IFindReferencesProgress progress, System.Collections.Immutable.IImmutableSet`1[T] documents, Microsoft.CodeAnalysis.FindSymbols.FindReferencesSearchOptions options, System.Threading.CancellationToken cancellationToken) [0x000b3] in <1b72cf009970430282a46c2931a92a23>:0 \\n  at Microsoft.CodeAnalysis.FindSymbols.SymbolFinder.FindReferencesAsync (Microsoft.CodeAnalysis.ISymbol symbol, Microsoft.CodeAnalysis.Solution solution, Microsoft.CodeAnalysis.FindSymbols.IFindReferencesProgress progress, System.Collections.Immutable.IImmutableSet`1[T] documents, System.Threading.CancellationToken cancellationToken) [0x00086] in <1b72cf009970430282a46c2931a92a23>:0 \\n  at OmniSharp.Roslyn.CSharp.Services.Navigation.FindUsagesService.Handle (OmniSharp.Models.FindUsages.FindUsagesRequest request) [0x00390] in <09370a9acd194e4ab6aa0320066dbeaa>:0 \\n  at OmniSharp.Endpoint.EndpointHandler`2[TRequest,TResponse].AggregateResponsesFromLanguageHandlers (OmniSharp.Endpoint.Exports.ExportHandler`2[TRequest,TResponse][] handlers, TRequest request) [0x000a9] in <c13615cca0c74ceaa15dfd4227fc93cf>:0 \\n  at OmniSharp.Endpoint.EndpointHandler`2[TRequest,TResponse].HandleRequestForLanguage (System.String language, TRequest request, OmniSharp.Protocol.RequestPacket packet) [0x000fb] in <c13615cca0c74ceaa15dfd4227fc93cf>:0 \\n  at OmniSharp.Endpoint.EndpointHandler`2[TRequest,TResponse].Process (OmniSharp.Protocol.RequestPacket packet, OmniSharp.Endpoint.LanguageModel model, Newtonsoft.Json.Linq.JToken requestObject) [0x0024b] in <c13615cca0c74ceaa15dfd4227fc93cf>:0 \\n  at OmniSharp.Stdio.Host.HandleRequest (System.String json, Microsoft.Extensions.Logging.ILogger logger) [0x000e8] in <f4f40b9ed3034a528e91f200ff10538e>:0 \"",
  "Body": null,
  "Seq": 1185,
  "Type": "response"
}
Received response for /v2/getcodeactions but could not find request.
[warn]: OmniSharp.Stdio.Host
        ************ Request ************
{
  "Type": "request",
  "Seq": 108,
  "Command": "/findusages",
  "Arguments": {
    "FileName": "/home/jesus/projects/gpz/Gpz.core/Observaciones.cs",
    "Line": 2,
    "Column": 2,
    "OnlyThisFile": true,
    "ExcludeDefinition": false
  }
}
[fail]: OmniSharp.Stdio.Host
        ************  Response ************ 
{
  "Request_seq": 108,
  "Command": "/findusages",
  "Running": true,
  "Success": false,
  "Message": "\"System.InvalidOperationException: Unexpected null\\n  at Roslyn.Utilities.Contract.Fail (System.String message) [0x00000] in <1b72cf009970430282a46c2931a92a23>:0 \\n  at Microsoft.CodeAnalysis.FindSymbols.FindReferencesSearchEngine.MapToAppropriateSymbol (Microsoft.CodeAnalysis.ISymbol symbol) [0x0003a] in <1b72cf009970430282a46c2931a92a23>:0 \\n  at Microsoft.CodeAnalysis.FindSymbols.FindReferencesSearchEngine.DetermineAllSymbolsCoreAsync (Microsoft.CodeAnalysis.ISymbol symbol, Roslyn.Utilities.ConcurrentSet`1[T] result) [0x0005b] in <1b72cf009970430282a46c2931a92a23>:0 \\n  at Microsoft.CodeAnalysis.FindSymbols.FindReferencesSearchEngine.DetermineAllSymbolsAsync (Microsoft.CodeAnalysis.ISymbol symbol) [0x0009f] in <1b72cf009970430282a46c2931a92a23>:0 \\n  at Microsoft.CodeAnalysis.FindSymbols.FindReferencesSearchEngine.FindReferencesAsync (Microsoft.CodeAnalysis.ISymbol symbol) [0x001d5] in <1b72cf009970430282a46c2931a92a23>:0 \\n  at Microsoft.CodeAnalysis.FindSymbols.FindReferencesSearchEngine.FindReferencesAsync (Microsoft.CodeAnalysis.ISymbol symbol) [0x003ba] in <1b72cf009970430282a46c2931a92a23>:0 \\n  at Microsoft.CodeAnalysis.FindSymbols.FindReferencesSearchEngine.FindReferencesAsync (Microsoft.CodeAnalysis.ISymbol symbol) [0x00463] in <1b72cf009970430282a46c2931a92a23>:0 \\n  at Microsoft.CodeAnalysis.FindSymbols.SymbolFinder.FindReferencesAsync (Microsoft.CodeAnalysis.ISymbol symbol, Microsoft.CodeAnalysis.Solution solution, Microsoft.CodeAnalysis.FindSymbols.IStreamingFindReferencesProgress progress, System.Collections.Immutable.IImmutableSet`1[T] documents, Microsoft.CodeAnalysis.FindSymbols.FindReferencesSearchOptions options, System.Threading.CancellationToken cancellationToken) [0x00267] in <1b72cf009970430282a46c2931a92a23>:0 \\n  at Microsoft.CodeAnalysis.FindSymbols.SymbolFinder.FindReferencesAsync (Microsoft.CodeAnalysis.ISymbol symbol, Microsoft.CodeAnalysis.Solution solution, Microsoft.CodeAnalysis.FindSymbols.IFindReferencesProgress progress, System.Collections.Immutable.IImmutableSet`1[T] documents, Microsoft.CodeAnalysis.FindSymbols.FindReferencesSearchOptions options, System.Threading.CancellationToken cancellationToken) [0x000b3] in <1b72cf009970430282a46c2931a92a23>:0 \\n  at Microsoft.CodeAnalysis.FindSymbols.SymbolFinder.FindReferencesAsync (Microsoft.CodeAnalysis.ISymbol symbol, Microsoft.CodeAnalysis.Solution solution, Microsoft.CodeAnalysis.FindSymbols.IFindReferencesProgress progress, System.Collections.Immutable.IImmutableSet`1[T] documents, System.Threading.CancellationToken cancellationToken) [0x00086] in <1b72cf009970430282a46c2931a92a23>:0 \\n  at OmniSharp.Roslyn.CSharp.Services.Navigation.FindUsagesService.Handle (OmniSharp.Models.FindUsages.FindUsagesRequest request) [0x00390] in <09370a9acd194e4ab6aa0320066dbeaa>:0 \\n  at OmniSharp.Endpoint.EndpointHandler`2[TRequest,TResponse].AggregateResponsesFromLanguageHandlers (OmniSharp.Endpoint.Exports.ExportHandler`2[TRequest,TResponse][] handlers, TRequest request) [0x000a9] in <c13615cca0c74ceaa15dfd4227fc93cf>:0 \\n  at OmniSharp.Endpoint.EndpointHandler`2[TRequest,TResponse].HandleRequestForLanguage (System.String language, TRequest request, OmniSharp.Protocol.RequestPacket packet) [0x000fb] in <c13615cca0c74ceaa15dfd4227fc93cf>:0 \\n  at OmniSharp.Endpoint.EndpointHandler`2[TRequest,TResponse].Process (OmniSharp.Protocol.RequestPacket packet, OmniSharp.Endpoint.LanguageModel model, Newtonsoft.Json.Linq.JToken requestObject) [0x0024b] in <c13615cca0c74ceaa15dfd4227fc93cf>:0 \\n  at OmniSharp.Stdio.Host.HandleRequest (System.String json, Microsoft.Extensions.Logging.ILogger logger) [0x000e8] in <f4f40b9ed3034a528e91f200ff10538e>:0 \"",
  "Body": null,
  "Seq": 1194,
  "Type": "response"
}
[warn]: OmniSharp.Stdio.Host
        ************ Request ************
{
  "Type": "request",
  "Seq": 117,
  "Command": "/findusages",
  "Arguments": {
    "FileName": "/home/jesus/projects/gpz/Gpz.core/Observaciones.cs",
    "Line": 0,
    "Column": 1,
    "OnlyThisFile": true,
    "ExcludeDefinition": false
  }
}
[fail]: OmniSharp.Stdio.Host
        ************  Response ************ 
{
  "Request_seq": 117,
  "Command": "/findusages",
  "Running": true,
  "Success": false,
  "Message": "\"System.InvalidOperationException: Unexpected null\\n  at Roslyn.Utilities.Contract.Fail (System.String message) [0x00000] in <1b72cf009970430282a46c2931a92a23>:0 \\n  at Microsoft.CodeAnalysis.FindSymbols.FindReferencesSearchEngine.MapToAppropriateSymbol (Microsoft.CodeAnalysis.ISymbol symbol) [0x0003a] in <1b72cf009970430282a46c2931a92a23>:0 \\n  at Microsoft.CodeAnalysis.FindSymbols.FindReferencesSearchEngine.DetermineAllSymbolsCoreAsync (Microsoft.CodeAnalysis.ISymbol symbol, Roslyn.Utilities.ConcurrentSet`1[T] result) [0x0005b] in <1b72cf009970430282a46c2931a92a23>:0 \\n  at Microsoft.CodeAnalysis.FindSymbols.FindReferencesSearchEngine.DetermineAllSymbolsAsync (Microsoft.CodeAnalysis.ISymbol symbol) [0x0009f] in <1b72cf009970430282a46c2931a92a23>:0 \\n  at Microsoft.CodeAnalysis.FindSymbols.FindReferencesSearchEngine.FindReferencesAsync (Microsoft.CodeAnalysis.ISymbol symbol) [0x001d5] in <1b72cf009970430282a46c2931a92a23>:0 \\n  at Microsoft.CodeAnalysis.FindSymbols.FindReferencesSearchEngine.FindReferencesAsync (Microsoft.CodeAnalysis.ISymbol symbol) [0x003ba] in <1b72cf009970430282a46c2931a92a23>:0 \\n  at Microsoft.CodeAnalysis.FindSymbols.FindReferencesSearchEngine.FindReferencesAsync (Microsoft.CodeAnalysis.ISymbol symbol) [0x00463] in <1b72cf009970430282a46c2931a92a23>:0 \\n  at Microsoft.CodeAnalysis.FindSymbols.SymbolFinder.FindReferencesAsync (Microsoft.CodeAnalysis.ISymbol symbol, Microsoft.CodeAnalysis.Solution solution, Microsoft.CodeAnalysis.FindSymbols.IStreamingFindReferencesProgress progress, System.Collections.Immutable.IImmutableSet`1[T] documents, Microsoft.CodeAnalysis.FindSymbols.FindReferencesSearchOptions options, System.Threading.CancellationToken cancellationToken) [0x00267] in <1b72cf009970430282a46c2931a92a23>:0 \\n  at Microsoft.CodeAnalysis.FindSymbols.SymbolFinder.FindReferencesAsync (Microsoft.CodeAnalysis.ISymbol symbol, Microsoft.CodeAnalysis.Solution solution, Microsoft.CodeAnalysis.FindSymbols.IFindReferencesProgress progress, System.Collections.Immutable.IImmutableSet`1[T] documents, Microsoft.CodeAnalysis.FindSymbols.FindReferencesSearchOptions options, System.Threading.CancellationToken cancellationToken) [0x000b3] in <1b72cf009970430282a46c2931a92a23>:0 \\n  at Microsoft.CodeAnalysis.FindSymbols.SymbolFinder.FindReferencesAsync (Microsoft.CodeAnalysis.ISymbol symbol, Microsoft.CodeAnalysis.Solution solution, Microsoft.CodeAnalysis.FindSymbols.IFindReferencesProgress progress, System.Collections.Immutable.IImmutableSet`1[T] documents, System.Threading.CancellationToken cancellationToken) [0x00086] in <1b72cf009970430282a46c2931a92a23>:0 \\n  at OmniSharp.Roslyn.CSharp.Services.Navigation.FindUsagesService.Handle (OmniSharp.Models.FindUsages.FindUsagesRequest request) [0x00390] in <09370a9acd194e4ab6aa0320066dbeaa>:0 \\n  at OmniSharp.Endpoint.EndpointHandler`2[TRequest,TResponse].AggregateResponsesFromLanguageHandlers (OmniSharp.Endpoint.Exports.ExportHandler`2[TRequest,TResponse][] handlers, TRequest request) [0x000a9] in <c13615cca0c74ceaa15dfd4227fc93cf>:0 \\n  at OmniSharp.Endpoint.EndpointHandler`2[TRequest,TResponse].HandleRequestForLanguage (System.String language, TRequest request, OmniSharp.Protocol.RequestPacket packet) [0x000fb] in <c13615cca0c74ceaa15dfd4227fc93cf>:0 \\n  at OmniSharp.Endpoint.EndpointHandler`2[TRequest,TResponse].Process (OmniSharp.Protocol.RequestPacket packet, OmniSharp.Endpoint.LanguageModel model, Newtonsoft.Json.Linq.JToken requestObject) [0x0024b] in <c13615cca0c74ceaa15dfd4227fc93cf>:0 \\n  at OmniSharp.Stdio.Host.HandleRequest (System.String json, Microsoft.Extensions.Logging.ILogger logger) [0x000e8] in <f4f40b9ed3034a528e91f200ff10538e>:0 \"",
  "Body": null,
  "Seq": 1218,
  "Type": "response"
}
[warn]: OmniSharp.Stdio.Host
        ************ Request ************
{
  "Type": "request",
  "Seq": 137,
  "Command": "/findusages",
  "Arguments": {
    "FileName": "/home/jesus/projects/gpz/Gpz.core/Observaciones.cs",
    "Line": 2,
    "Column": 4,
    "OnlyThisFile": true,
    "ExcludeDefinition": false
  }
}
[fail]: OmniSharp.Stdio.Host
        ************  Response ************ 
{
  "Request_seq": 137,
  "Command": "/findusages",
  "Running": true,
  "Success": false,
  "Message": "\"System.InvalidOperationException: Unexpected null\\n  at Roslyn.Utilities.Contract.Fail (System.String message) [0x00000] in <1b72cf009970430282a46c2931a92a23>:0 \\n  at Microsoft.CodeAnalysis.FindSymbols.FindReferencesSearchEngine.MapToAppropriateSymbol (Microsoft.CodeAnalysis.ISymbol symbol) [0x0003a] in <1b72cf009970430282a46c2931a92a23>:0 \\n  at Microsoft.CodeAnalysis.FindSymbols.FindReferencesSearchEngine.DetermineAllSymbolsCoreAsync (Microsoft.CodeAnalysis.ISymbol symbol, Roslyn.Utilities.ConcurrentSet`1[T] result) [0x0005b] in <1b72cf009970430282a46c2931a92a23>:0 \\n  at Microsoft.CodeAnalysis.FindSymbols.FindReferencesSearchEngine.DetermineAllSymbolsAsync (Microsoft.CodeAnalysis.ISymbol symbol) [0x0009f] in <1b72cf009970430282a46c2931a92a23>:0 \\n  at Microsoft.CodeAnalysis.FindSymbols.FindReferencesSearchEngine.FindReferencesAsync (Microsoft.CodeAnalysis.ISymbol symbol) [0x001d5] in <1b72cf009970430282a46c2931a92a23>:0 \\n  at Microsoft.CodeAnalysis.FindSymbols.FindReferencesSearchEngine.FindReferencesAsync (Microsoft.CodeAnalysis.ISymbol symbol) [0x003ba] in <1b72cf009970430282a46c2931a92a23>:0 \\n  at Microsoft.CodeAnalysis.FindSymbols.FindReferencesSearchEngine.FindReferencesAsync (Microsoft.CodeAnalysis.ISymbol symbol) [0x00463] in <1b72cf009970430282a46c2931a92a23>:0 \\n  at Microsoft.CodeAnalysis.FindSymbols.SymbolFinder.FindReferencesAsync (Microsoft.CodeAnalysis.ISymbol symbol, Microsoft.CodeAnalysis.Solution solution, Microsoft.CodeAnalysis.FindSymbols.IStreamingFindReferencesProgress progress, System.Collections.Immutable.IImmutableSet`1[T] documents, Microsoft.CodeAnalysis.FindSymbols.FindReferencesSearchOptions options, System.Threading.CancellationToken cancellationToken) [0x00267] in <1b72cf009970430282a46c2931a92a23>:0 \\n  at Microsoft.CodeAnalysis.FindSymbols.SymbolFinder.FindReferencesAsync (Microsoft.CodeAnalysis.ISymbol symbol, Microsoft.CodeAnalysis.Solution solution, Microsoft.CodeAnalysis.FindSymbols.IFindReferencesProgress progress, System.Collections.Immutable.IImmutableSet`1[T] documents, Microsoft.CodeAnalysis.FindSymbols.FindReferencesSearchOptions options, System.Threading.CancellationToken cancellationToken) [0x000b3] in <1b72cf009970430282a46c2931a92a23>:0 \\n  at Microsoft.CodeAnalysis.FindSymbols.SymbolFinder.FindReferencesAsync (Microsoft.CodeAnalysis.ISymbol symbol, Microsoft.CodeAnalysis.Solution solution, Microsoft.CodeAnalysis.FindSymbols.IFindReferencesProgress progress, System.Collections.Immutable.IImmutableSet`1[T] documents, System.Threading.CancellationToken cancellationToken) [0x00086] in <1b72cf009970430282a46c2931a92a23>:0 \\n  at OmniSharp.Roslyn.CSharp.Services.Navigation.FindUsagesService.Handle (OmniSharp.Models.FindUsages.FindUsagesRequest request) [0x00390] in <09370a9acd194e4ab6aa0320066dbeaa>:0 \\n  at OmniSharp.Endpoint.EndpointHandler`2[TRequest,TResponse].AggregateResponsesFromLanguageHandlers (OmniSharp.Endpoint.Exports.ExportHandler`2[TRequest,TResponse][] handlers, TRequest request) [0x000a9] in <c13615cca0c74ceaa15dfd4227fc93cf>:0 \\n  at OmniSharp.Endpoint.EndpointHandler`2[TRequest,TResponse].HandleRequestForLanguage (System.String language, TRequest request, OmniSharp.Protocol.RequestPacket packet) [0x000fb] in <c13615cca0c74ceaa15dfd4227fc93cf>:0 \\n  at OmniSharp.Endpoint.EndpointHandler`2[TRequest,TResponse].Process (OmniSharp.Protocol.RequestPacket packet, OmniSharp.Endpoint.LanguageModel model, Newtonsoft.Json.Linq.JToken requestObject) [0x0024b] in <c13615cca0c74ceaa15dfd4227fc93cf>:0 \\n  at OmniSharp.Stdio.Host.HandleRequest (System.String json, Microsoft.Extensions.Logging.ILogger logger) [0x000e8] in <f4f40b9ed3034a528e91f200ff10538e>:0 \"",
  "Body": null,
  "Seq": 1390,
  "Type": "response"
}
[warn]: OmniSharp.Stdio.Host
        ************ Request ************
{
  "Type": "request",
  "Seq": 144,
  "Command": "/findusages",
  "Arguments": {
    "FileName": "/home/jesus/projects/gpz/Gpz.core/Observaciones.cs",
    "Line": 6,
    "Column": 8,
    "OnlyThisFile": true,
    "ExcludeDefinition": false
  }
}
[fail]: OmniSharp.Stdio.Host
        ************  Response ************ 
{
  "Request_seq": 144,
  "Command": "/findusages",
  "Running": true,
  "Success": false,
  "Message": "\"System.InvalidOperationException: Unexpected null\\n  at Roslyn.Utilities.Contract.Fail (System.String message) [0x00000] in <1b72cf009970430282a46c2931a92a23>:0 \\n  at Microsoft.CodeAnalysis.FindSymbols.FindReferencesSearchEngine.MapToAppropriateSymbol (Microsoft.CodeAnalysis.ISymbol symbol) [0x0003a] in <1b72cf009970430282a46c2931a92a23>:0 \\n  at Microsoft.CodeAnalysis.FindSymbols.FindReferencesSearchEngine.DetermineAllSymbolsCoreAsync (Microsoft.CodeAnalysis.ISymbol symbol, Roslyn.Utilities.ConcurrentSet`1[T] result) [0x0005b] in <1b72cf009970430282a46c2931a92a23>:0 \\n  at Microsoft.CodeAnalysis.FindSymbols.FindReferencesSearchEngine.DetermineAllSymbolsAsync (Microsoft.CodeAnalysis.ISymbol symbol) [0x0009f] in <1b72cf009970430282a46c2931a92a23>:0 \\n  at Microsoft.CodeAnalysis.FindSymbols.FindReferencesSearchEngine.FindReferencesAsync (Microsoft.CodeAnalysis.ISymbol symbol) [0x001d5] in <1b72cf009970430282a46c2931a92a23>:0 \\n  at Microsoft.CodeAnalysis.FindSymbols.FindReferencesSearchEngine.FindReferencesAsync (Microsoft.CodeAnalysis.ISymbol symbol) [0x003ba] in <1b72cf009970430282a46c2931a92a23>:0 \\n  at Microsoft.CodeAnalysis.FindSymbols.FindReferencesSearchEngine.FindReferencesAsync (Microsoft.CodeAnalysis.ISymbol symbol) [0x00463] in <1b72cf009970430282a46c2931a92a23>:0 \\n  at Microsoft.CodeAnalysis.FindSymbols.SymbolFinder.FindReferencesAsync (Microsoft.CodeAnalysis.ISymbol symbol, Microsoft.CodeAnalysis.Solution solution, Microsoft.CodeAnalysis.FindSymbols.IStreamingFindReferencesProgress progress, System.Collections.Immutable.IImmutableSet`1[T] documents, Microsoft.CodeAnalysis.FindSymbols.FindReferencesSearchOptions options, System.Threading.CancellationToken cancellationToken) [0x00267] in <1b72cf009970430282a46c2931a92a23>:0 \\n  at Microsoft.CodeAnalysis.FindSymbols.SymbolFinder.FindReferencesAsync (Microsoft.CodeAnalysis.ISymbol symbol, Microsoft.CodeAnalysis.Solution solution, Microsoft.CodeAnalysis.FindSymbols.IFindReferencesProgress progress, System.Collections.Immutable.IImmutableSet`1[T] documents, Microsoft.CodeAnalysis.FindSymbols.FindReferencesSearchOptions options, System.Threading.CancellationToken cancellationToken) [0x000b3] in <1b72cf009970430282a46c2931a92a23>:0 \\n  at Microsoft.CodeAnalysis.FindSymbols.SymbolFinder.FindReferencesAsync (Microsoft.CodeAnalysis.ISymbol symbol, Microsoft.CodeAnalysis.Solution solution, Microsoft.CodeAnalysis.FindSymbols.IFindReferencesProgress progress, System.Collections.Immutable.IImmutableSet`1[T] documents, System.Threading.CancellationToken cancellationToken) [0x00086] in <1b72cf009970430282a46c2931a92a23>:0 \\n  at OmniSharp.Roslyn.CSharp.Services.Navigation.FindUsagesService.Handle (OmniSharp.Models.FindUsages.FindUsagesRequest request) [0x00390] in <09370a9acd194e4ab6aa0320066dbeaa>:0 \\n  at OmniSharp.Endpoint.EndpointHandler`2[TRequest,TResponse].AggregateResponsesFromLanguageHandlers (OmniSharp.Endpoint.Exports.ExportHandler`2[TRequest,TResponse][] handlers, TRequest request) [0x000a9] in <c13615cca0c74ceaa15dfd4227fc93cf>:0 \\n  at OmniSharp.Endpoint.EndpointHandler`2[TRequest,TResponse].HandleRequestForLanguage (System.String language, TRequest request, OmniSharp.Protocol.RequestPacket packet) [0x000fb] in <c13615cca0c74ceaa15dfd4227fc93cf>:0 \\n  at OmniSharp.Endpoint.EndpointHandler`2[TRequest,TResponse].Process (OmniSharp.Protocol.RequestPacket packet, OmniSharp.Endpoint.LanguageModel model, Newtonsoft.Json.Linq.JToken requestObject) [0x0024b] in <c13615cca0c74ceaa15dfd4227fc93cf>:0 \\n  at OmniSharp.Stdio.Host.HandleRequest (System.String json, Microsoft.Extensions.Logging.ILogger logger) [0x000e8] in <f4f40b9ed3034a528e91f200ff10538e>:0 \"",
  "Body": null,
  "Seq": 1402,
  "Type": "response"
}
