[2021-03-03 01:48:58.842] [exthost] [info] extension host started
[2021-03-03 01:48:58.894] [exthost] [info] ExtensionService#_doActivateExtension vscode.debug-auto-launch {"startup":true,"extensionId":{"value":"vscode.debug-auto-launch","_lower":"vscode.debug-auto-launch"},"activationEvent":"*"}
[2021-03-03 01:48:58.894] [exthost] [info] ExtensionService#loadCommonJSModule file:///usr/share/vscodium-bin/resources/app/extensions/debug-auto-launch/dist/extension
[2021-03-03 01:48:58.896] [exthost] [info] ExtensionService#_doActivateExtension vscode.git {"startup":true,"extensionId":{"value":"vscode.github","_lower":"vscode.github"},"activationEvent":"*"}
[2021-03-03 01:48:58.896] [exthost] [info] ExtensionService#loadCommonJSModule file:///usr/share/vscodium-bin/resources/app/extensions/git/dist/main
[2021-03-03 01:48:58.911] [exthost] [info] ExtensionService#_doActivateExtension CoenraadS.bracket-pair-colorizer {"startup":true,"extensionId":{"value":"CoenraadS.bracket-pair-colorizer","_lower":"coenraads.bracket-pair-colorizer"},"activationEvent":"*"}
[2021-03-03 01:48:58.911] [exthost] [info] ExtensionService#loadCommonJSModule file:///home/jesus/.vscode-oss/extensions/coenraads.bracket-pair-colorizer-1.0.61/out/src/extension
[2021-03-03 01:48:58.922] [exthost] [info] ExtensionService#_doActivateExtension cweijan.vscode-mysql-client2 {"startup":true,"extensionId":{"value":"cweijan.vscode-mysql-client2","_lower":"cweijan.vscode-mysql-client2"},"activationEvent":"*"}
[2021-03-03 01:48:58.922] [exthost] [info] ExtensionService#loadCommonJSModule file:///home/jesus/.vscode-oss/extensions/cweijan.vscode-mysql-client2-3.5.4/out/extension
[2021-03-03 01:48:59.063] [exthost] [info] ExtensionService#_doActivateExtension dbaeumer.vscode-eslint {"startup":true,"extensionId":{"value":"dbaeumer.vscode-eslint","_lower":"dbaeumer.vscode-eslint"},"activationEvent":"*"}
[2021-03-03 01:48:59.063] [exthost] [info] ExtensionService#loadCommonJSModule file:///home/jesus/.vscode-oss/extensions/dbaeumer.vscode-eslint-2.1.8/client/out/extension
[2021-03-03 01:48:59.068] [exthost] [info] ExtensionService#_doActivateExtension ecmel.vscode-html-css {"startup":true,"extensionId":{"value":"ecmel.vscode-html-css","_lower":"ecmel.vscode-html-css"},"activationEvent":"*"}
[2021-03-03 01:48:59.068] [exthost] [info] ExtensionService#loadCommonJSModule file:///home/jesus/.vscode-oss/extensions/ecmel.vscode-html-css-1.9.1/dist/extension.js
[2021-03-03 01:48:59.082] [exthost] [info] ExtensionService#_doActivateExtension HookyQR.beautify {"startup":true,"extensionId":{"value":"HookyQR.beautify","_lower":"hookyqr.beautify"},"activationEvent":"*"}
[2021-03-03 01:48:59.082] [exthost] [info] ExtensionService#loadCommonJSModule file:///home/jesus/.vscode-oss/extensions/hookyqr.beautify-1.4.11/extension
[2021-03-03 01:48:59.126] [exthost] [info] ExtensionService#_doActivateExtension LaurentTreguier.vscode-simple-icons {"startup":true,"extensionId":{"value":"LaurentTreguier.vscode-simple-icons","_lower":"laurenttreguier.vscode-simple-icons"},"activationEvent":"*"}
[2021-03-03 01:48:59.126] [exthost] [info] ExtensionService#loadCommonJSModule file:///home/jesus/.vscode-oss/extensions/laurenttreguier.vscode-simple-icons-1.13.5/out/extension
[2021-03-03 01:48:59.128] [exthost] [info] ExtensionService#_doActivateExtension PKief.material-icon-theme {"startup":true,"extensionId":{"value":"PKief.material-icon-theme","_lower":"pkief.material-icon-theme"},"activationEvent":"*"}
[2021-03-03 01:48:59.128] [exthost] [info] ExtensionService#loadCommonJSModule file:///home/jesus/.vscode-oss/extensions/pkief.material-icon-theme-4.5.0/dist/extension
[2021-03-03 01:48:59.137] [exthost] [info] ExtensionService#_doActivateExtension ritwickdey.LiveServer {"startup":true,"extensionId":{"value":"ritwickdey.LiveServer","_lower":"ritwickdey.liveserver"},"activationEvent":"*"}
[2021-03-03 01:48:59.137] [exthost] [info] ExtensionService#loadCommonJSModule file:///home/jesus/.vscode-oss/extensions/ritwickdey.liveserver-5.6.1/out/src/extension
[2021-03-03 01:48:59.340] [exthost] [info] ExtensionService#_doActivateExtension sainnhe.gruvbox-material {"startup":true,"extensionId":{"value":"sainnhe.gruvbox-material","_lower":"sainnhe.gruvbox-material"},"activationEvent":"*"}
[2021-03-03 01:48:59.340] [exthost] [info] ExtensionService#loadCommonJSModule file:///home/jesus/.vscode-oss/extensions/sainnhe.gruvbox-material-6.3.6/out/extension.js
[2021-03-03 01:48:59.354] [exthost] [info] ExtensionService#_doActivateExtension vscodevim.vim {"startup":true,"extensionId":{"value":"vscodevim.vim","_lower":"vscodevim.vim"},"activationEvent":"*"}
[2021-03-03 01:48:59.354] [exthost] [info] ExtensionService#loadCommonJSModule file:///home/jesus/.vscode-oss/extensions/vscodevim.vim-1.18.9/out/extension
[2021-03-03 01:48:59.431] [exthost] [info] ExtensionService#_doActivateExtension muhammad-sammy.csharp {"startup":true,"extensionId":{"value":"muhammad-sammy.csharp","_lower":"muhammad-sammy.csharp"},"activationEvent":"workspaceContains:*.csproj,*.sln,*.csx,*.cake,**/*.csproj,**/*.sln,**/*.csx,**/*.cake"}
[2021-03-03 01:48:59.431] [exthost] [info] ExtensionService#loadCommonJSModule file:///home/jesus/.vscode-oss/extensions/muhammad-sammy.csharp-1.23.9/dist/extension
[2021-03-03 01:48:59.533] [exthost] [info] ExtensionService#_doActivateExtension ms-vscode.js-debug {"startup":false,"extensionId":{"value":"ms-vscode.js-debug","_lower":"ms-vscode.js-debug"},"activationEvent":"onCommand:extension.js-debug.clearAutoAttachVariables"}
[2021-03-03 01:48:59.533] [exthost] [info] ExtensionService#loadCommonJSModule file:///usr/share/vscodium-bin/resources/app/extensions/ms-vscode.js-debug/src/extension.js
[2021-03-03 01:48:59.592] [exthost] [info] ExtensionService#_doActivateExtension vscode.github {"startup":false,"extensionId":{"value":"vscode.github","_lower":"vscode.github"},"activationEvent":"*"}
[2021-03-03 01:48:59.592] [exthost] [info] ExtensionService#loadCommonJSModule file:///usr/share/vscodium-bin/resources/app/extensions/github/dist/extension.js
[2021-03-03 01:48:59.652] [exthost] [info] eager extensions activated
[2021-03-03 01:48:59.680] [exthost] [info] ExtensionService#_doActivateExtension vscode.emmet {"startup":false,"extensionId":{"value":"vscode.emmet","_lower":"vscode.emmet"},"activationEvent":"onStartupFinished"}
[2021-03-03 01:48:59.680] [exthost] [info] ExtensionService#loadCommonJSModule file:///usr/share/vscodium-bin/resources/app/extensions/emmet/dist/node/emmetNodeMain
[2021-03-03 01:48:59.689] [exthost] [info] ExtensionService#_doActivateExtension vscode.merge-conflict {"startup":false,"extensionId":{"value":"vscode.merge-conflict","_lower":"vscode.merge-conflict"},"activationEvent":"onStartupFinished"}
[2021-03-03 01:48:59.689] [exthost] [info] ExtensionService#loadCommonJSModule file:///usr/share/vscodium-bin/resources/app/extensions/merge-conflict/dist/mergeConflictMain
[2021-03-03 01:48:59.692] [exthost] [info] ExtensionService#_doActivateExtension vscode.testing-editor-contributions {"startup":false,"extensionId":{"value":"vscode.testing-editor-contributions","_lower":"vscode.testing-editor-contributions"},"activationEvent":"onStartupFinished"}
[2021-03-03 01:48:59.692] [exthost] [info] ExtensionService#loadCommonJSModule file:///usr/share/vscodium-bin/resources/app/extensions/testing-editor-contributions/dist/extension.js
[2021-03-03 01:49:13.664] [exthost] [info] ExtensionService#_doActivateExtension jsw.csharpextensions {"startup":false,"extensionId":{"value":"jsw.csharpextensions","_lower":"jsw.csharpextensions"},"activationEvent":"onLanguage:csharp"}
[2021-03-03 01:49:13.665] [exthost] [info] ExtensionService#loadCommonJSModule file:///home/jesus/.vscode-oss/extensions/jsw.csharpextensions-1.3.6/out/src/extension
[2021-03-03 01:49:13.859] [exthost] [error] [jsw.csharpextensions] provider FAILED
[2021-03-03 01:49:13.873] [exthost] [error] Error: Illegal argument: line must be non-negative
	at Object.S [as illegalArgument] (/usr/share/vscodium-bin/resources/app/out/vs/workbench/services/extensions/node/extensionHostProcess.js:5:1232)
	at new d (/usr/share/vscodium-bin/resources/app/out/vs/workbench/services/extensions/node/extensionHostProcess.js:80:20548)
	at new d (/usr/share/vscodium-bin/resources/app/out/vs/workbench/services/extensions/node/extensionHostProcess.js:80:19977)
	at CodeActionProvider.getInitializeFromCtorCommand (/home/jesus/.vscode-oss/extensions/jsw.csharpextensions-1.3.6/out/src/codeActionProvider.js:172:63)
	at addInitalizeFromCtor (/home/jesus/.vscode-oss/extensions/jsw.csharpextensions-1.3.6/out/src/codeActionProvider.js:18:30)
	at CodeActionProvider.provideCodeActions (/home/jesus/.vscode-oss/extensions/jsw.csharpextensions-1.3.6/out/src/codeActionProvider.js:22:9)
	at /usr/share/vscodium-bin/resources/app/out/vs/workbench/services/extensions/node/extensionHostProcess.js:86:143067
	at /usr/share/vscodium-bin/resources/app/out/vs/workbench/services/extensions/node/extensionHostProcess.js:55:8183
	at new Promise (<anonymous>)
	at Object.S [as asPromise] (/usr/share/vscodium-bin/resources/app/out/vs/workbench/services/extensions/node/extensionHostProcess.js:55:8155)
	at w.provideCodeActions (/usr/share/vscodium-bin/resources/app/out/vs/workbench/services/extensions/node/extensionHostProcess.js:86:143038)
	at /usr/share/vscodium-bin/resources/app/out/vs/workbench/services/extensions/node/extensionHostProcess.js:86:165342
	at we._withAdapter (/usr/share/vscodium-bin/resources/app/out/vs/workbench/services/extensions/node/extensionHostProcess.js:86:159898)
	at we.$provideCodeActions (/usr/share/vscodium-bin/resources/app/out/vs/workbench/services/extensions/node/extensionHostProcess.js:86:165318)
	at p._doInvokeHandler (/usr/share/vscodium-bin/resources/app/out/vs/workbench/services/extensions/node/extensionHostProcess.js:89:10276)
	at p._invokeHandler (/usr/share/vscodium-bin/resources/app/out/vs/workbench/services/extensions/node/extensionHostProcess.js:89:9968)
	at p._receiveRequest (/usr/share/vscodium-bin/resources/app/out/vs/workbench/services/extensions/node/extensionHostProcess.js:89:8587)
	at p._receiveOneMessage (/usr/share/vscodium-bin/resources/app/out/vs/workbench/services/extensions/node/extensionHostProcess.js:89:7440)
	at /usr/share/vscodium-bin/resources/app/out/vs/workbench/services/extensions/node/extensionHostProcess.js:89:5568
	at v.fire (/usr/share/vscodium-bin/resources/app/out/vs/workbench/services/extensions/node/extensionHostProcess.js:55:1836)
	at d.fire (/usr/share/vscodium-bin/resources/app/out/vs/workbench/services/extensions/node/extensionHostProcess.js:63:15515)
	at /usr/share/vscodium-bin/resources/app/out/vs/workbench/services/extensions/node/extensionHostProcess.js:104:29104
	at v.fire (/usr/share/vscodium-bin/resources/app/out/vs/workbench/services/extensions/node/extensionHostProcess.js:55:1836)
	at d.fire (/usr/share/vscodium-bin/resources/app/out/vs/workbench/services/extensions/node/extensionHostProcess.js:63:15515)
	at t._receiveMessage (/usr/share/vscodium-bin/resources/app/out/vs/workbench/services/extensions/node/extensionHostProcess.js:63:20765)
	at /usr/share/vscodium-bin/resources/app/out/vs/workbench/services/extensions/node/extensionHostProcess.js:63:17659
	at v.fire (/usr/share/vscodium-bin/resources/app/out/vs/workbench/services/extensions/node/extensionHostProcess.js:55:1836)
	at u.acceptChunk (/usr/share/vscodium-bin/resources/app/out/vs/workbench/services/extensions/node/extensionHostProcess.js:63:12880)
	at /usr/share/vscodium-bin/resources/app/out/vs/workbench/services/extensions/node/extensionHostProcess.js:63:12228
	at Socket.m (/usr/share/vscodium-bin/resources/app/out/vs/workbench/services/extensions/node/extensionHostProcess.js:104:12375)
	at Socket.emit (events.js:315:20)
	at addChunk (_stream_readable.js:295:12)
	at readableAddChunk (_stream_readable.js:271:9)
	at Socket.Readable.push (_stream_readable.js:212:10)
	at Pipe.onStreamRead (internal/stream_base_commons.js:186:23)
[2021-03-03 01:49:13.874] [exthost] [error] [muhammad-sammy.csharp] provider FAILED
[2021-03-03 01:49:13.874] [exthost] [error] Problem invoking 'GetCodeActions' on OmniSharp server: Error: Request /v2/getcodeactions cancelled, id: 18
[2021-03-03 01:49:48.947] [exthost] [error] [muhammad-sammy.csharp] provider FAILED
[2021-03-03 01:49:48.947] [exthost] [error] Problem invoking 'GetCodeActions' on OmniSharp server: Error: Request /v2/getcodeactions cancelled, id: 284
[2021-03-03 01:50:00.095] [exthost] [error] [muhammad-sammy.csharp] provider FAILED
[2021-03-03 01:50:00.095] [exthost] [error] Problem invoking 'GetCodeActions' on OmniSharp server: Error: Request /v2/getcodeactions cancelled, id: 394
[2021-03-03 01:50:21.997] [exthost] [error] [muhammad-sammy.csharp] provider FAILED
[2021-03-03 01:50:21.997] [exthost] [error] Problem invoking 'GetCodeActions' on OmniSharp server: Error: Request /v2/getcodeactions cancelled, id: 619
[2021-03-03 07:30:13.592] [exthost] [info] extension host terminating: received terminate message from renderer
[2021-03-03 07:30:14.625] [exthost] [info] exiting with code 0
